npm verb cli /Users/nithyamani/.nvm/versions/node/v18.19.0/bin/node /Users/nithyamani/.nvm/versions/node/v18.19.0/bin/npm
npm info using npm@10.2.3
npm info using node@v18.19.0
npm verb title npm install
npm verb argv "install" "--legacy-peer-deps" "--loglevel" "verbose"
npm verb logfile logs-max:10 dir:/Users/nithyamani/.npm/_logs/2024-02-15T11_33_46_669Z-
npm verb logfile /Users/nithyamani/.npm/_logs/2024-02-15T11_33_46_669Z-debug-0.log
npm http fetch GET 200 https://registry.npmjs.org/typescript 308ms (cache revalidated)
npm http fetch GET 200 https://registry.npmjs.org/cypress 158ms (cache revalidated)
npm http fetch GET 200 https://registry.npmjs.org/nx 66ms (cache revalidated)
npm http fetch GET 200 https://registry.npmjs.org/@nx%2fcypress 2194ms (cache revalidated)
npm http fetch GET 200 https://registry.npmjs.org/browserstack-cypress-cli 5ms (cache hit)
npm http fetch GET 200 https://registry.npmjs.org/update-notifier 130ms (cache hit)
npm http fetch GET 200 https://registry.npmjs.org/requestretry 131ms (cache hit)
npm http fetch GET 200 https://registry.npmjs.org/request 132ms (cache hit)
npm http fetch GET 200 https://registry.npmjs.org/glob 323ms (cache revalidated)
npm http fetch GET 200 https://registry.npmjs.org/fs-extra 334ms (cache revalidated)
npm http fetch GET 200 https://registry.npmjs.org/tsconfig-paths 305ms (cache revalidated)
npm http fetch GET 200 https://registry.npmjs.org/cli-cursor 326ms (cache revalidated)
npm http fetch GET 200 https://registry.npmjs.org/tslib 343ms (cache revalidated)
npm http fetch GET 200 https://registry.npmjs.org/buffer 330ms (cache revalidated)
npm http fetch GET 200 https://registry.npmjs.org/async 344ms (cache revalidated)
npm http fetch GET 200 https://registry.npmjs.org/commander 327ms (cache revalidated)
npm http fetch GET 200 https://registry.npmjs.org/fs-extra 325ms (cache revalidated)
npm http fetch GET 200 https://registry.npmjs.org/bluebird 340ms (cache revalidated)
npm http fetch GET 200 https://registry.npmjs.org/debug 335ms (cache revalidated)
npm http fetch GET 200 https://registry.npmjs.org/supports-color 327ms (cache revalidated)
npm http fetch GET 200 https://registry.npmjs.org/npm-run-path 320ms (cache revalidated)
npm http fetch GET 200 https://registry.npmjs.org/yargs 347ms (cache revalidated)
npm http fetch GET 200 https://registry.npmjs.org/minimatch 323ms (cache revalidated)
npm http fetch GET 200 https://registry.npmjs.org/lines-and-columns 323ms (cache revalidated)
npm http fetch GET 200 https://registry.npmjs.org/semver 361ms (cache revalidated)
npm http fetch GET 200 https://registry.npmjs.org/uuid 353ms (cache revalidated)
npm http fetch GET 200 https://registry.npmjs.org/chalk 350ms (cache revalidated)
npm http fetch GET 200 https://registry.npmjs.org/fs-extra 332ms (cache revalidated)
npm http fetch GET 200 https://registry.npmjs.org/open 330ms (cache revalidated)
npm http fetch GET 200 https://registry.npmjs.org/log-symbols 342ms (cache revalidated)
npm http fetch GET 200 https://registry.npmjs.org/axios 336ms (cache revalidated)
npm http fetch GET 200 https://registry.npmjs.org/js-yaml 333ms (cache revalidated)
npm http fetch GET 200 https://registry.npmjs.org/execa 347ms (cache revalidated)
npm http fetch GET 200 https://registry.npmjs.org/mkdirp 364ms (cache revalidated)
npm http fetch GET 200 https://registry.npmjs.org/cliui 337ms (cache revalidated)
npm http fetch GET 200 https://registry.npmjs.org/chalk 370ms (cache revalidated)
npm http fetch GET 200 https://registry.npmjs.org/jest-diff 337ms (cache revalidated)
npm http fetch GET 200 https://registry.npmjs.org/string-width 336ms (cache revalidated)
npm http fetch GET 200 https://registry.npmjs.org/minimist 350ms (cache revalidated)
npm http fetch GET 200 https://registry.npmjs.org/common-tags 356ms (cache revalidated)
npm http fetch GET 200 https://registry.npmjs.org/tmp 347ms (cache revalidated)
npm http fetch GET 200 https://registry.npmjs.org/lodash 352ms (cache revalidated)
npm http fetch GET 200 https://registry.npmjs.org/dayjs 357ms (cache revalidated)
npm http fetch GET 200 https://registry.npmjs.org/ignore 343ms (cache revalidated)
npm http fetch GET 200 https://registry.npmjs.org/ora 340ms (cache revalidated)
npm http fetch GET 200 https://registry.npmjs.org/cli-spinners 346ms (cache revalidated)
npm http fetch GET 200 https://registry.npmjs.org/@yarnpkg%2flockfile 349ms (cache revalidated)
npm http fetch GET 200 https://registry.npmjs.org/yargs 349ms (cache revalidated)
npm http fetch GET 200 https://registry.npmjs.org/yargs-parser 350ms (cache revalidated)
npm http fetch GET 200 https://registry.npmjs.org/detect-port 395ms (cache revalidated)
npm http fetch GET 200 https://registry.npmjs.org/mocha 410ms (cache revalidated)
npm http fetch GET 200 https://registry.npmjs.org/is-ci 395ms (cache revalidated)
npm http fetch GET 200 https://registry.npmjs.org/lazy-ass 396ms (cache revalidated)
npm http fetch GET 200 https://registry.npmjs.org/decompress 411ms (cache revalidated)
npm http fetch GET 200 https://registry.npmjs.org/archiver 421ms (cache revalidated)
npm http fetch GET 200 https://registry.npmjs.org/getos 405ms (cache revalidated)
npm http fetch GET 200 https://registry.npmjs.org/arch 415ms (cache revalidated)
npm http fetch GET 200 https://registry.npmjs.org/figures 406ms (cache revalidated)
npm http fetch GET 200 https://registry.npmjs.org/cli-table3 410ms (cache revalidated)
npm http fetch GET 200 https://registry.npmjs.org/process 401ms (cache revalidated)
npm http fetch GET 200 https://registry.npmjs.org/request-progress 401ms (cache revalidated)
npm http fetch GET 200 https://registry.npmjs.org/winston 421ms (cache revalidated)
npm http fetch GET 200 https://registry.npmjs.org/is-installed-globally 407ms (cache revalidated)
npm http fetch GET 200 https://registry.npmjs.org/cli-cursor 400ms (cache revalidated)
npm http fetch GET 200 https://registry.npmjs.org/eventemitter2 416ms (cache revalidated)
npm http fetch GET 200 https://registry.npmjs.org/node-machine-id 400ms (cache revalidated)
npm http fetch GET 200 https://registry.npmjs.org/check-more-types 424ms (cache revalidated)
npm http fetch GET 200 https://registry.npmjs.org/yauzl 411ms (cache revalidated)
npm http fetch GET 200 https://registry.npmjs.org/executable 420ms (cache revalidated)
npm http fetch GET 200 https://registry.npmjs.org/strong-log-transformer 406ms (cache revalidated)
npm http fetch GET 200 https://registry.npmjs.org/cli-progress 441ms (cache revalidated)
npm http fetch GET 200 https://registry.npmjs.org/proxy-from-env 418ms (cache revalidated)
npm http fetch GET 200 https://registry.npmjs.org/tar-stream 412ms (cache revalidated)
npm http fetch GET 200 https://registry.npmjs.org/table 443ms (cache revalidated)
npm http fetch GET 200 https://registry.npmjs.org/blob-util 438ms (cache revalidated)
npm http fetch GET 200 https://registry.npmjs.org/dotenv-expand 419ms (cache revalidated)
npm http fetch GET 200 https://registry.npmjs.org/flat 423ms (cache revalidated)
npm http fetch GET 200 https://registry.npmjs.org/enquirer 424ms (cache revalidated)
npm http fetch GET 200 https://registry.npmjs.org/figures 429ms (cache revalidated)
npm http fetch GET 200 https://registry.npmjs.org/enquirer 443ms (cache revalidated)
npm http fetch GET 200 https://registry.npmjs.org/windows-release 457ms (cache revalidated)
npm http fetch GET 200 https://registry.npmjs.org/cachedir 481ms (cache revalidated)
npm http fetch GET 200 https://registry.npmjs.org/@types%2fsizzle 499ms (cache revalidated)
npm http fetch GET 200 https://registry.npmjs.org/@types%2fsinonjs__fake-timers 512ms (cache revalidated)
npm http fetch GET 200 https://registry.npmjs.org/@yarnpkg%2fparsers 694ms (cache revalidated)
npm http fetch GET 200 https://registry.npmjs.org/@nx%2fnx-linux-arm-gnueabihf 688ms (cache revalidated)
npm http fetch GET 200 https://registry.npmjs.org/@cypress%2fxvfb 728ms (cache revalidated)
npm http fetch GET 200 https://registry.npmjs.org/@nx%2fnx-win32-arm64-msvc 698ms (cache revalidated)
npm http fetch GET 200 https://registry.npmjs.org/@nrwl%2ftao 712ms (cache revalidated)
npm http fetch GET 200 https://registry.npmjs.org/@zkochan%2fjs-yaml 831ms (cache revalidated)
npm http fetch GET 200 https://registry.npmjs.org/@cypress%2frequest 867ms (cache revalidated)
npm http fetch GET 200 https://registry.npmjs.org/@nx%2fnx-linux-arm64-gnu 846ms (cache revalidated)
npm http fetch GET 200 https://registry.npmjs.org/@nx%2fnx-linux-x64-musl 849ms (cache revalidated)
npm http fetch GET 200 https://registry.npmjs.org/@nx%2fnx-freebsd-x64 852ms (cache revalidated)
npm http fetch GET 200 https://registry.npmjs.org/@nx%2fjs 899ms (cache revalidated)
npm http fetch GET 200 https://registry.npmjs.org/@nx%2fnx-darwin-x64 860ms (cache revalidated)
npm http fetch GET 200 https://registry.npmjs.org/@nx%2fnx-darwin-arm64 873ms (cache revalidated)
npm http fetch GET 200 https://registry.npmjs.org/@nx%2fnx-linux-arm64-musl 876ms (cache revalidated)
npm http fetch GET 200 https://registry.npmjs.org/@nx%2fnx-win32-x64-msvc 894ms (cache revalidated)
npm http fetch GET 200 https://registry.npmjs.org/@nx%2fnx-linux-x64-gnu 896ms (cache revalidated)
npm http fetch GET 200 https://registry.npmjs.org/@nx%2fdevkit 972ms (cache revalidated)
npm http fetch GET 200 https://registry.npmjs.org/gitconfiglocal 1177ms (cache revalidated)
npm http fetch GET 200 https://registry.npmjs.org/git-repo-info 1190ms (cache revalidated)
npm http fetch GET 200 https://registry.npmjs.org/browserstack-local 1200ms (cache revalidated)
npm http fetch GET 200 https://registry.npmjs.org/node-ipc 1197ms (cache revalidated)
npm http fetch GET 200 https://registry.npmjs.org/extract-zip 1193ms (cache revalidated)
npm http fetch GET 200 https://registry.npmjs.org/listr2 1194ms (cache revalidated)
npm http fetch GET 200 https://registry.npmjs.org/git-last-commit 1224ms (cache revalidated)
npm http fetch GET 200 https://registry.npmjs.org/jsonc-parser 1193ms (cache revalidated)
npm http fetch GET 200 https://registry.npmjs.org/getmac 1233ms (cache revalidated)
npm http fetch GET 200 https://registry.npmjs.org/pretty-bytes 1213ms (cache revalidated)
npm http fetch GET 200 https://registry.npmjs.org/ospath 1215ms (cache revalidated)
npm http fetch GET 200 https://registry.npmjs.org/dotenv 1216ms (cache revalidated)
npm http fetch GET 200 https://registry.npmjs.org/untildify 1422ms (cache revalidated)
npm http fetch GET 200 https://registry.npmjs.org/@nrwl%2fcypress 2260ms (cache revalidated)
npm http fetch GET 200 https://registry.npmjs.org/@nx%2feslint 2306ms (cache revalidated)
npm http fetch GET 200 https://registry.npmjs.org/@phenomnomnominal%2ftsquery 2524ms (cache revalidated)
npm http fetch GET 200 https://registry.npmjs.org/eslint 85ms (cache revalidated)
npm http fetch GET 200 https://registry.npmjs.org/@babel%2fplugin-transform-runtime 93ms (cache revalidated)
npm http fetch GET 200 https://registry.npmjs.org/fast-glob 91ms (cache revalidated)
npm http fetch GET 200 https://registry.npmjs.org/@babel%2fruntime 93ms (cache revalidated)
npm http fetch GET 200 https://registry.npmjs.org/ejs 103ms (cache revalidated)
npm http fetch GET 200 https://registry.npmjs.org/@babel%2fcore 98ms (cache revalidated)
npm http fetch GET 200 https://registry.npmjs.org/@babel%2fplugin-transform-class-properties 99ms (cache revalidated)
npm http fetch GET 200 https://registry.npmjs.org/@babel%2fpreset-typescript 98ms (cache revalidated)
npm http fetch GET 200 https://registry.npmjs.org/source-map-support 137ms (cache revalidated)
npm http fetch GET 200 https://registry.npmjs.org/babel-plugin-macros 144ms (cache revalidated)
npm http fetch GET 200 https://registry.npmjs.org/ts-node 148ms (cache revalidated)
npm http fetch GET 200 https://registry.npmjs.org/address 146ms (cache revalidated)
npm http fetch GET 200 https://registry.npmjs.org/js-tokens 151ms (cache revalidated)
npm http fetch GET 200 https://registry.npmjs.org/npm-package-arg 162ms (cache revalidated)
npm http fetch GET 200 https://registry.npmjs.org/esquery 190ms (cache revalidated)
npm http fetch GET 200 https://registry.npmjs.org/lru-cache 190ms (cache revalidated)
npm http fetch GET 200 https://registry.npmjs.org/@babel%2fpreset-env 266ms (cache revalidated)
npm http fetch GET 200 https://registry.npmjs.org/@nrwl%2fjs 498ms (cache revalidated)
npm http fetch GET 200 https://registry.npmjs.org/@nrwl%2fdevkit 653ms (cache revalidated)
npm http fetch GET 200 https://registry.npmjs.org/babel-plugin-transform-typescript-metadata 956ms (cache revalidated)
npm http fetch GET 200 https://registry.npmjs.org/babel-plugin-const-enum 962ms (cache revalidated)
npm http fetch GET 200 https://registry.npmjs.org/columnify 978ms (cache revalidated)
npm http fetch GET 200 https://registry.npmjs.org/@babel%2fplugin-proposal-decorators 1336ms (cache revalidated)
npm http fetch GET 200 https://registry.npmjs.org/@nx%2flinter 2198ms (cache revalidated)
npm http fetch GET 200 https://registry.npmjs.org/@nx%2fworkspace 2247ms (cache revalidated)
npm http fetch GET 200 https://registry.npmjs.org/rimraf 70ms (cache revalidated)
npm http fetch GET 200 https://registry.npmjs.org/jake 82ms (cache revalidated)
npm http fetch GET 200 https://registry.npmjs.org/ansi-colors 156ms (cache revalidated)
npm http fetch GET 200 https://registry.npmjs.org/eslint-scope 82ms (cache revalidated)
npm http fetch GET 200 https://registry.npmjs.org/cross-spawn 91ms (cache revalidated)
npm http fetch GET 200 https://registry.npmjs.org/globals 83ms (cache revalidated)
npm http fetch GET 200 https://registry.npmjs.org/fast-deep-equal 91ms (cache revalidated)
npm http fetch GET 200 https://registry.npmjs.org/doctrine 98ms (cache revalidated)
npm http fetch GET 200 https://registry.npmjs.org/json-stable-stringify-without-jsonify 137ms (cache revalidated)
npm http fetch GET 200 https://registry.npmjs.org/imurmurhash 149ms (cache revalidated)
npm http fetch GET 200 https://registry.npmjs.org/ajv 166ms (cache revalidated)
npm http fetch GET 200 https://registry.npmjs.org/escape-string-regexp 168ms (cache revalidated)
npm http fetch GET 200 https://registry.npmjs.org/esutils 165ms (cache revalidated)
npm http fetch GET 200 https://registry.npmjs.org/graphemer 170ms (cache revalidated)
npm http fetch GET 200 https://registry.npmjs.org/file-entry-cache 199ms (cache revalidated)
npm http fetch GET 200 https://registry.npmjs.org/find-up 211ms (cache revalidated)
npm http fetch GET 200 https://registry.npmjs.org/glob-parent 220ms (cache revalidated)
npm http fetch GET 200 https://registry.npmjs.org/espree 225ms (cache revalidated)
npm http fetch GET 200 https://registry.npmjs.org/eslint-visitor-keys 233ms (cache revalidated)
npm http fetch GET 200 https://registry.npmjs.org/optionator 226ms (cache revalidated)
npm http fetch GET 200 https://registry.npmjs.org/is-path-inside 252ms (cache revalidated)
npm http fetch GET 200 https://registry.npmjs.org/strip-ansi 259ms (cache revalidated)
npm http fetch GET 200 https://registry.npmjs.org/natural-compare 279ms (cache revalidated)
npm http fetch GET 200 https://registry.npmjs.org/@humanwhocodes%2fconfig-array 305ms (cache revalidated)
npm http fetch GET 200 https://registry.npmjs.org/is-glob 318ms (cache revalidated)
npm http fetch GET 200 https://registry.npmjs.org/@nodelib%2ffs.walk 357ms (cache revalidated)
npm http fetch GET 200 https://registry.npmjs.org/lodash.merge 349ms (cache revalidated)
npm http fetch GET 200 https://registry.npmjs.org/text-table 366ms (cache revalidated)
npm http fetch GET 200 https://registry.npmjs.org/levn 374ms (cache revalidated)
npm http fetch GET 200 https://registry.npmjs.org/@eslint-community%2feslint-utils 453ms (cache revalidated)
npm http fetch GET 200 https://registry.npmjs.org/@eslint%2feslintrc 456ms (cache revalidated)
npm http fetch GET 200 https://registry.npmjs.org/@humanwhocodes%2fmodule-importer 479ms (cache revalidated)
npm http fetch GET 200 https://registry.npmjs.org/@eslint-community%2fregexpp 639ms (cache revalidated)
npm http fetch GET 200 https://registry.npmjs.org/@ungap%2fstructured-clone 1113ms (cache revalidated)
npm http fetch GET 200 https://registry.npmjs.org/@eslint%2fjs 1133ms (cache revalidated)
npm http fetch GET 200 https://registry.npmjs.org/convert-source-map 157ms (cache revalidated)
npm http fetch GET 200 https://registry.npmjs.org/@babel%2fhelper-create-class-features-plugin 153ms (cache revalidated)
npm http fetch GET 200 https://registry.npmjs.org/babel-plugin-polyfill-corejs2 155ms (cache revalidated)
npm http fetch GET 200 https://registry.npmjs.org/json5 164ms (cache revalidated)
npm http fetch GET 200 https://registry.npmjs.org/babel-plugin-polyfill-corejs3 158ms (cache revalidated)
npm http fetch GET 200 https://registry.npmjs.org/@babel%2fgenerator 173ms (cache revalidated)
npm http fetch GET 200 https://registry.npmjs.org/@babel%2fcompat-data 158ms (cache revalidated)
npm http fetch GET 200 https://registry.npmjs.org/@babel%2fhelper-compilation-targets 174ms (cache revalidated)
npm http fetch GET 200 https://registry.npmjs.org/@babel%2ftraverse 173ms (cache revalidated)
npm http fetch GET 200 https://registry.npmjs.org/@babel%2ftemplate 174ms (cache revalidated)
npm http fetch GET 200 https://registry.npmjs.org/@babel%2fparser 176ms (cache revalidated)
npm http fetch GET 200 https://registry.npmjs.org/@babel%2fhelper-module-imports 169ms (cache revalidated)
npm http fetch GET 200 https://registry.npmjs.org/@babel%2fcode-frame 184ms (cache revalidated)
npm http fetch GET 200 https://registry.npmjs.org/@babel%2fhelper-plugin-utils 178ms (cache revalidated)
npm http fetch GET 200 https://registry.npmjs.org/@babel%2fhelpers 215ms (cache revalidated)
npm http fetch GET 200 https://registry.npmjs.org/gensync 221ms (cache revalidated)
npm http fetch GET 200 https://registry.npmjs.org/@babel%2fhelper-validator-option 216ms (cache revalidated)
npm http fetch GET 200 https://registry.npmjs.org/babel-plugin-polyfill-regenerator 219ms (cache revalidated)
npm http fetch GET 200 https://registry.npmjs.org/@babel%2fplugin-syntax-class-properties 216ms (cache revalidated)
npm http fetch GET 200 https://registry.npmjs.org/@babel%2fplugin-syntax-async-generators 226ms (cache revalidated)
npm http fetch GET 200 https://registry.npmjs.org/@babel%2fplugin-syntax-nullish-coalescing-operator 231ms (cache revalidated)
npm http fetch GET 200 https://registry.npmjs.org/@babel%2fplugin-syntax-object-rest-spread 270ms (cache revalidated)
npm http fetch GET 200 https://registry.npmjs.org/@babel%2fplugin-syntax-unicode-sets-regex 272ms (cache revalidated)
npm http fetch GET 200 https://registry.npmjs.org/@babel%2fplugin-syntax-dynamic-import 277ms (cache revalidated)
npm http fetch GET 200 https://registry.npmjs.org/@babel%2fplugin-transform-arrow-functions 279ms (cache revalidated)
npm http fetch GET 200 https://registry.npmjs.org/@babel%2fplugin-syntax-numeric-separator 289ms (cache revalidated)
npm http fetch GET 200 https://registry.npmjs.org/@babel%2fplugin-transform-block-scoped-functions 338ms (cache revalidated)
npm http fetch GET 200 https://registry.npmjs.org/@babel%2fplugin-syntax-json-strings 344ms (cache revalidated)
npm http fetch GET 200 https://registry.npmjs.org/@babel%2fplugin-transform-block-scoping 342ms (cache revalidated)
npm http fetch GET 200 https://registry.npmjs.org/@babel%2fplugin-bugfix-v8-static-class-fields-redefine-readonly 362ms (cache revalidated)
npm http fetch GET 200 https://registry.npmjs.org/@babel%2fplugin-syntax-export-namespace-from 379ms (cache revalidated)
npm http fetch GET 200 https://registry.npmjs.org/@babel%2fplugin-bugfix-safari-id-destructuring-collision-in-function-expression 382ms (cache revalidated)
npm http fetch GET 200 https://registry.npmjs.org/@babel%2fplugin-syntax-class-static-block 382ms (cache revalidated)
npm http fetch GET 200 https://registry.npmjs.org/@babel%2fplugin-bugfix-v8-spread-parameters-in-optional-chaining 385ms (cache revalidated)
npm http fetch GET 200 https://registry.npmjs.org/@babel%2fplugin-syntax-import-meta 388ms (cache revalidated)
npm http fetch GET 200 https://registry.npmjs.org/@babel%2fplugin-syntax-import-assertions 410ms (cache revalidated)
npm http fetch GET 200 https://registry.npmjs.org/@babel%2fplugin-syntax-optional-catch-binding 409ms (cache revalidated)
npm http fetch GET 200 https://registry.npmjs.org/@babel%2fplugin-transform-computed-properties 406ms (cache revalidated)
npm http fetch GET 200 https://registry.npmjs.org/@babel%2fplugin-transform-function-name 428ms (cache revalidated)
npm http fetch GET 200 https://registry.npmjs.org/@babel%2fplugin-transform-literals 429ms (cache revalidated)
npm http fetch GET 200 https://registry.npmjs.org/@babel%2fplugin-transform-for-of 441ms (cache revalidated)
npm http fetch GET 200 https://registry.npmjs.org/@babel%2fplugin-transform-class-static-block 456ms (cache revalidated)
npm http fetch GET 200 https://registry.npmjs.org/@babel%2fplugin-transform-member-expression-literals 464ms (cache revalidated)
npm http fetch GET 200 https://registry.npmjs.org/@babel%2fplugin-transform-exponentiation-operator 467ms (cache revalidated)
npm http fetch GET 200 https://registry.npmjs.org/@babel%2fplugin-transform-modules-commonjs 488ms (cache revalidated)
npm http fetch GET 200 https://registry.npmjs.org/@babel%2fplugin-syntax-private-property-in-object 502ms (cache revalidated)
npm http fetch GET 200 https://registry.npmjs.org/@babel%2fplugin-transform-classes 499ms (cache revalidated)
npm http fetch GET 200 https://registry.npmjs.org/@babel%2fplugin-transform-async-generator-functions 532ms (cache revalidated)
npm http fetch GET 200 https://registry.npmjs.org/@babel%2fplugin-transform-named-capturing-groups-regex 525ms (cache revalidated)
npm http fetch GET 200 https://registry.npmjs.org/@babel%2fhelper-module-transforms 558ms (cache revalidated)
npm http fetch GET 200 https://registry.npmjs.org/@babel%2fplugin-transform-optional-chaining 556ms (cache revalidated)
npm http fetch GET 200 https://registry.npmjs.org/@babel%2fplugin-syntax-top-level-await 578ms (cache revalidated)
npm http fetch GET 200 https://registry.npmjs.org/@babel%2fplugin-transform-duplicate-keys 576ms (cache revalidated)
npm http fetch GET 200 https://registry.npmjs.org/@babel%2fplugin-transform-export-namespace-from 594ms (cache revalidated)
npm http fetch GET 200 https://registry.npmjs.org/@babel%2fplugin-proposal-private-property-in-object 626ms (cache revalidated)
npm http fetch GET 200 https://registry.npmjs.org/@babel%2fhelper-create-class-features-plugin 680ms (cache revalidated)
npm http fetch GET 200 https://registry.npmjs.org/@babel%2fplugin-transform-dynamic-import 660ms (cache revalidated)
npm http fetch GET 200 https://registry.npmjs.org/@babel%2fplugin-transform-spread 652ms (cache revalidated)
npm http fetch GET 200 https://registry.npmjs.org/@babel%2fplugin-transform-nullish-coalescing-operator 687ms (cache revalidated)
npm http fetch GET 200 https://registry.npmjs.org/@babel%2fplugin-transform-logical-assignment-operators 691ms (cache revalidated)
npm http fetch GET 200 https://registry.npmjs.org/@babel%2fplugin-transform-regenerator 721ms (cache revalidated)
npm http fetch GET 200 https://registry.npmjs.org/@babel%2fplugin-transform-dotall-regex 732ms (cache revalidated)
npm http fetch GET 200 https://registry.npmjs.org/@babel%2fplugin-transform-new-target 728ms (cache revalidated)
npm http fetch GET 200 https://registry.npmjs.org/@babel%2fplugin-transform-numeric-separator 741ms (cache revalidated)
npm http fetch GET 200 https://registry.npmjs.org/@babel%2fplugin-transform-unicode-regex 748ms (cache revalidated)
npm http fetch GET 200 https://registry.npmjs.org/@babel%2fplugin-transform-private-methods 752ms (cache revalidated)
npm http fetch GET 200 https://registry.npmjs.org/@babel%2fplugin-transform-modules-amd 775ms (cache revalidated)
npm http fetch GET 200 https://registry.npmjs.org/@babel%2fplugin-transform-unicode-property-regex 776ms (cache revalidated)
npm http fetch GET 200 https://registry.npmjs.org/@babel%2fplugin-transform-shorthand-properties 780ms (cache revalidated)
npm http fetch GET 200 https://registry.npmjs.org/core-js-compat 787ms (cache revalidated)
npm http fetch GET 200 https://registry.npmjs.org/@babel%2fplugin-transform-reserved-words 797ms (cache revalidated)
npm http fetch GET 200 https://registry.npmjs.org/@babel%2fplugin-syntax-import-attributes 819ms (cache revalidated)
npm http fetch GET 200 https://registry.npmjs.org/@babel%2fplugin-transform-parameters 818ms (cache revalidated)
npm http fetch GET 200 https://registry.npmjs.org/@babel%2fplugin-transform-destructuring 841ms (cache revalidated)
npm http fetch GET 200 https://registry.npmjs.org/@babel%2fplugin-transform-json-strings 844ms (cache revalidated)
npm http fetch GET 200 https://registry.npmjs.org/@babel%2fplugin-transform-sticky-regex 836ms (cache revalidated)
npm http fetch GET 200 https://registry.npmjs.org/@babel%2fplugin-transform-template-literals 848ms (cache revalidated)
npm http fetch GET 200 https://registry.npmjs.org/@babel%2fplugin-transform-object-super 868ms (cache revalidated)
npm http fetch GET 200 https://registry.npmjs.org/@babel%2fplugin-transform-optional-catch-binding 873ms (cache revalidated)
npm http fetch GET 200 https://registry.npmjs.org/@babel%2ftypes 903ms (cache revalidated)
npm http fetch GET 200 https://registry.npmjs.org/@babel%2fplugin-transform-private-property-in-object 875ms (cache revalidated)
npm http fetch GET 200 https://registry.npmjs.org/@babel%2fhelper-plugin-utils 888ms (cache revalidated)
npm http fetch GET 200 https://registry.npmjs.org/@babel%2fplugin-transform-typescript 895ms (cache revalidated)
npm http fetch GET 200 https://registry.npmjs.org/@babel%2fplugin-syntax-jsx 897ms (cache revalidated)
npm http fetch GET 200 https://registry.npmjs.org/@babel%2fplugin-syntax-typescript 899ms (cache revalidated)
npm http fetch GET 200 https://registry.npmjs.org/@babel%2fplugin-transform-typeof-symbol 922ms (cache revalidated)
npm http fetch GET 200 https://registry.npmjs.org/regenerator-runtime 922ms (cache revalidated)
npm http fetch GET 200 https://registry.npmjs.org/@babel%2fplugin-transform-modules-systemjs 941ms (cache revalidated)
npm http fetch GET 200 https://registry.npmjs.org/@babel%2fplugin-transform-async-to-generator 952ms (cache revalidated)
npm http fetch GET 200 https://registry.npmjs.org/graceful-fs 935ms (cache revalidated)
npm http fetch GET 200 https://registry.npmjs.org/wcwidth 942ms (cache revalidated)
npm http fetch GET 200 https://registry.npmjs.org/merge2 945ms (cache revalidated)
npm http fetch GET 200 https://registry.npmjs.org/@babel%2ftraverse 957ms (cache revalidated)
npm http fetch GET 200 https://registry.npmjs.org/@babel%2fplugin-transform-unicode-sets-regex 975ms (cache revalidated)
npm http fetch GET 200 https://registry.npmjs.org/brace-expansion 986ms (cache revalidated)
npm http fetch GET 200 https://registry.npmjs.org/universalify 989ms (cache revalidated)
npm http fetch GET 200 https://registry.npmjs.org/@babel%2fplugin-transform-property-literals 1006ms (cache revalidated)
npm http fetch GET 200 https://registry.npmjs.org/@babel%2fplugin-transform-unicode-escapes 1008ms (cache revalidated)
npm http fetch GET 200 https://registry.npmjs.org/@babel%2fhelper-validator-option 1010ms (cache revalidated)
npm http fetch GET 200 https://registry.npmjs.org/micromatch 1014ms (cache revalidated)
npm http fetch GET 200 https://registry.npmjs.org/source-map 1038ms (cache revalidated)
npm http fetch GET 200 https://registry.npmjs.org/is-interactive 1042ms (cache revalidated)
npm http fetch GET 200 https://registry.npmjs.org/proc-log 1046ms (cache revalidated)
npm http fetch GET 200 https://registry.npmjs.org/path-key 1046ms (cache revalidated)
npm http fetch GET 200 https://registry.npmjs.org/resolve 1060ms (cache revalidated)
npm http fetch GET 200 https://registry.npmjs.org/hosted-git-info 1056ms (cache revalidated)
npm http fetch GET 200 https://registry.npmjs.org/wcwidth 1068ms (cache revalidated)
npm http fetch GET 200 https://registry.npmjs.org/@babel%2fpreset-modules 1108ms (cache revalidated)
npm http fetch GET 200 https://registry.npmjs.org/buffer-from 1099ms (cache revalidated)
npm http fetch GET 200 https://registry.npmjs.org/acorn-walk 1097ms (cache revalidated)
npm http fetch GET 200 https://registry.npmjs.org/jsonfile 1106ms (cache revalidated)
npm http fetch GET 200 https://registry.npmjs.org/validate-npm-package-name 1105ms (cache revalidated)
npm http fetch GET 200 https://registry.npmjs.org/acorn 1107ms (cache revalidated)
npm http fetch GET 200 https://registry.npmjs.org/ansi-styles 1119ms (cache revalidated)
npm http fetch GET 200 https://registry.npmjs.org/bl 1131ms (cache revalidated)
npm http fetch GET 200 https://registry.npmjs.org/json5 1144ms (cache revalidated)
npm http fetch GET 200 https://registry.npmjs.org/cosmiconfig 1168ms (cache revalidated)
npm http fetch GET 200 https://registry.npmjs.org/@babel%2fplugin-transform-object-rest-spread 1202ms (cache revalidated)
npm http fetch GET 200 https://registry.npmjs.org/@ampproject%2fremapping 1262ms (cache revalidated)
npm http fetch GET 200 https://registry.npmjs.org/@babel%2fplugin-syntax-optional-chaining 1253ms (cache revalidated)
npm http fetch GET 200 https://registry.npmjs.org/create-require 1234ms (cache revalidated)
npm http fetch GET 200 https://registry.npmjs.org/@nrwl%2fworkspace 1255ms (cache revalidated)
npm http fetch GET 200 https://registry.npmjs.org/diff 1250ms (cache revalidated)
npm http fetch GET 200 https://registry.npmjs.org/@nodelib%2ffs.stat 1260ms (cache revalidated)
npm http fetch GET 200 https://registry.npmjs.org/make-error 1251ms (cache revalidated)
npm http fetch GET 200 https://registry.npmjs.org/strip-bom 1282ms (cache revalidated)
npm http fetch GET 200 https://registry.npmjs.org/@babel%2fplugin-transform-modules-umd 1496ms (cache revalidated)
npm http fetch GET 200 https://registry.npmjs.org/@tsconfig%2fnode10 1523ms (cache revalidated)
npm http fetch GET 200 https://registry.npmjs.org/@babel%2fplugin-syntax-decorators 1921ms (cache revalidated)
npm http fetch GET 200 https://registry.npmjs.org/@babel%2fplugin-syntax-logical-assignment-operators 1985ms (cache revalidated)
npm http fetch GET 200 https://registry.npmjs.org/arg 2038ms (cache revalidated)
npm http fetch GET 200 https://registry.npmjs.org/v8-compile-cache-lib 2102ms (cache revalidated)
npm http fetch GET 200 https://registry.npmjs.org/yn 2130ms (cache revalidated)
npm http fetch GET 200 https://registry.npmjs.org/@tsconfig%2fnode16 2342ms (cache revalidated)
npm http fetch GET 200 https://registry.npmjs.org/@cspotcode%2fsource-map-support 2858ms (cache revalidated)
npm http fetch GET 200 https://registry.npmjs.org/@tsconfig%2fnode12 2982ms (cache revalidated)
npm http fetch GET 200 https://registry.npmjs.org/@tsconfig%2fnode14 3309ms (cache revalidated)
npm http fetch GET 200 https://registry.npmjs.org/browserslist 83ms (cache revalidated)
npm http fetch GET 200 https://registry.npmjs.org/to-fast-properties 75ms (cache revalidated)
npm http fetch GET 200 https://registry.npmjs.org/@babel%2fhelper-hoist-variables 77ms (cache revalidated)
npm http fetch GET 200 https://registry.npmjs.org/@babel%2fhelper-simple-access 87ms (cache revalidated)
npm http fetch GET 200 https://registry.npmjs.org/jsesc 91ms (cache revalidated)
npm http fetch GET 200 https://registry.npmjs.org/@babel%2fhighlight 97ms (cache revalidated)
npm http fetch GET 200 https://registry.npmjs.org/@babel%2fhelper-validator-identifier 89ms (cache revalidated)
npm http fetch GET 200 https://registry.npmjs.org/@babel%2fhelper-string-parser 81ms (cache revalidated)
npm http fetch GET 200 https://registry.npmjs.org/@babel%2fhelper-split-export-declaration 91ms (cache revalidated)
npm http fetch GET 200 https://registry.npmjs.org/@babel%2fhelper-function-name 84ms (cache revalidated)
npm http fetch GET 200 https://registry.npmjs.org/ms 80ms (cache revalidated)
npm http fetch GET 200 https://registry.npmjs.org/@jridgewell%2fgen-mapping 111ms (cache revalidated)
npm http fetch GET 200 https://registry.npmjs.org/@jridgewell%2fgen-mapping 107ms (cache revalidated)
npm http fetch GET 200 https://registry.npmjs.org/@jridgewell%2ftrace-mapping 117ms (cache revalidated)
npm http fetch GET 200 https://registry.npmjs.org/@jridgewell%2ftrace-mapping 122ms (cache revalidated)
npm http fetch GET 200 https://registry.npmjs.org/@babel%2fhelper-environment-visitor 149ms (cache revalidated)
npm http fetch GET 200 https://registry.npmjs.org/@jridgewell%2fset-array 78ms (cache revalidated)
npm http fetch GET 200 https://registry.npmjs.org/@jridgewell%2fresolve-uri 84ms (cache revalidated)
npm http fetch GET 200 https://registry.npmjs.org/@jridgewell%2fsourcemap-codec 86ms (cache revalidated)
npm http fetch GET 200 https://registry.npmjs.org/@jridgewell%2fsourcemap-codec 89ms (cache revalidated)
npm http fetch GET 200 https://registry.npmjs.org/update-browserslist-db 59ms (cache revalidated)
npm http fetch GET 200 https://registry.npmjs.org/electron-to-chromium 64ms (cache revalidated)
npm http fetch GET 200 https://registry.npmjs.org/yallist 72ms (cache revalidated)
npm http fetch GET 200 https://registry.npmjs.org/caniuse-lite 76ms (cache revalidated)
npm http fetch GET 200 https://registry.npmjs.org/node-releases 79ms (cache revalidated)
npm http fetch GET 200 https://registry.npmjs.org/@babel%2fhelper-annotate-as-pure 70ms (cache revalidated)
npm http fetch GET 200 https://registry.npmjs.org/@babel%2fhelper-optimise-call-expression 74ms (cache revalidated)
npm http fetch GET 200 https://registry.npmjs.org/@babel%2fhelper-replace-supers 75ms (cache revalidated)
npm http fetch GET 200 https://registry.npmjs.org/@babel%2fhelper-member-expression-to-functions 77ms (cache revalidated)
npm http fetch GET 200 https://registry.npmjs.org/@babel%2fhelper-skip-transparent-expression-wrappers 78ms (cache revalidated)
npm http fetch GET 200 https://registry.npmjs.org/@babel%2fhelper-define-polyfill-provider 66ms (cache revalidated)
npm http fetch GET 200 https://registry.npmjs.org/@babel%2fhelper-builder-binary-assignment-operator-visitor 79ms (cache revalidated)
npm http fetch GET 200 https://registry.npmjs.org/@babel%2fhelper-create-regexp-features-plugin 76ms (cache revalidated)
npm http fetch GET 200 https://registry.npmjs.org/@babel%2fhelper-create-regexp-features-plugin 83ms (cache revalidated)
npm http fetch GET 200 https://registry.npmjs.org/@babel%2fhelper-create-regexp-features-plugin 91ms (cache revalidated)
npm http fetch GET 200 https://registry.npmjs.org/@babel%2fhelper-remap-async-to-generator 91ms (cache revalidated)
npm http fetch GET 200 https://registry.npmjs.org/regenerator-transform 209ms (cache revalidated)
npm http fetch GET 200 https://registry.npmjs.org/regexpu-core 61ms (cache revalidated)
npm http fetch GET 200 https://registry.npmjs.org/unicode-match-property-ecmascript 69ms (cache revalidated)
npm http fetch GET 200 https://registry.npmjs.org/regenerate-unicode-properties 72ms (cache revalidated)
npm http fetch GET 200 https://registry.npmjs.org/regjsparser 71ms (cache revalidated)
npm http fetch GET 200 https://registry.npmjs.org/regenerate 78ms (cache revalidated)
npm http fetch GET 200 https://registry.npmjs.org/unicode-match-property-value-ecmascript 75ms (cache revalidated)
npm http fetch GET 200 https://registry.npmjs.org/@babel%2fregjsgen 95ms (cache revalidated)
npm http fetch GET 200 https://registry.npmjs.org/@babel%2fhelper-wrap-function 77ms (cache revalidated)
npm http fetch GET 200 https://registry.npmjs.org/estraverse 60ms (cache revalidated)
npm http fetch GET 200 https://registry.npmjs.org/path-type 59ms (cache revalidated)
npm http fetch GET 200 https://registry.npmjs.org/parse-json 60ms (cache revalidated)
npm http fetch GET 200 https://registry.npmjs.org/path-parse 63ms (cache revalidated)
npm http fetch GET 200 https://registry.npmjs.org/supports-preserve-symlinks-flag 63ms (cache revalidated)
npm http fetch GET 200 https://registry.npmjs.org/import-fresh 66ms (cache revalidated)
npm http fetch GET 200 https://registry.npmjs.org/is-core-module 65ms (cache revalidated)
npm http fetch GET 200 https://registry.npmjs.org/@types%2fparse-json 71ms (cache revalidated)
npm http fetch GET 200 https://registry.npmjs.org/yaml 70ms (cache revalidated)
npm http fetch GET 200 https://registry.npmjs.org/lodash.debounce 63ms (cache revalidated)
npm http fetch GET 200 https://registry.npmjs.org/picocolors 66ms (cache revalidated)
npm http fetch GET 200 https://registry.npmjs.org/escalade 75ms (cache revalidated)
npm http fetch GET 200 https://registry.npmjs.org/tough-cookie 49ms (cache hit)
npm http fetch GET 200 https://registry.npmjs.org/latest-version 46ms (cache hit)
npm http fetch GET 200 https://registry.npmjs.org/fs.realpath 101ms (cache revalidated)
npm http fetch GET 200 https://registry.npmjs.org/readable-stream 117ms (cache revalidated)
npm http fetch GET 200 https://registry.npmjs.org/inflight 105ms (cache revalidated)
npm http fetch GET 200 https://registry.npmjs.org/pify 115ms (cache revalidated)
npm http fetch GET 200 https://registry.npmjs.org/@types%2fnode 113ms (cache revalidated)
npm http fetch GET 200 https://registry.npmjs.org/inherits 119ms (cache revalidated)
npm http fetch GET 200 https://registry.npmjs.org/once 118ms (cache revalidated)
npm http fetch GET 200 https://registry.npmjs.org/make-dir 161ms (cache revalidated)
npm http fetch GET 200 https://registry.npmjs.org/he 157ms (cache revalidated)
npm http fetch GET 200 https://registry.npmjs.org/https-proxy-agent 174ms (cache revalidated)
npm http fetch GET 200 https://registry.npmjs.org/chokidar 164ms (cache revalidated)
npm http fetch GET 200 https://registry.npmjs.org/strip-json-comments 177ms (cache revalidated)
npm http fetch GET 200 https://registry.npmjs.org/decompress-tar 192ms (cache revalidated)
npm http fetch GET 200 https://registry.npmjs.org/decompress-unzip 195ms (cache revalidated)
npm http fetch GET 200 https://registry.npmjs.org/buffer-crc32 205ms (cache revalidated)
npm http fetch GET 200 https://registry.npmjs.org/decompress-tarbz2 202ms (cache revalidated)
npm http fetch GET 200 https://registry.npmjs.org/agent-base 205ms (cache revalidated)
npm http fetch GET 200 https://registry.npmjs.org/decompress-targz 206ms (cache revalidated)
npm http fetch GET 200 https://registry.npmjs.org/zip-stream 211ms (cache revalidated)
npm http fetch GET 200 https://registry.npmjs.org/ps-tree 217ms (cache revalidated)
npm http fetch GET 200 https://registry.npmjs.org/serialize-javascript 229ms (cache revalidated)
npm http fetch GET 200 https://registry.npmjs.org/path-is-absolute 241ms (cache revalidated)
npm http fetch GET 200 https://registry.npmjs.org/form-data 234ms (cache revalidated)
npm http fetch GET 200 https://registry.npmjs.org/combined-stream 242ms (cache revalidated)
npm http fetch GET 200 https://registry.npmjs.org/browser-stdout 265ms (cache revalidated)
npm http fetch GET 200 https://registry.npmjs.org/archiver-utils 311ms (cache revalidated)
npm http fetch GET 200 https://registry.npmjs.org/is-typedarray 301ms (cache revalidated)
npm http fetch GET 200 https://registry.npmjs.org/aws-sign2 313ms (cache revalidated)
npm http fetch GET 200 https://registry.npmjs.org/har-validator 318ms (cache revalidated)
npm http fetch GET 200 https://registry.npmjs.org/aws4 328ms (cache revalidated)
npm http fetch GET 200 https://registry.npmjs.org/safe-buffer 330ms (cache revalidated)
npm http fetch GET 200 https://registry.npmjs.org/caseless 338ms (cache revalidated)
npm http fetch GET 200 https://registry.npmjs.org/json-stringify-safe 352ms (cache revalidated)
npm http fetch GET 200 https://registry.npmjs.org/http-signature 362ms (cache revalidated)
npm http fetch GET 200 https://registry.npmjs.org/slice-ansi 358ms (cache revalidated)
npm http fetch GET 200 https://registry.npmjs.org/workerpool 375ms (cache revalidated)
npm http fetch GET 200 https://registry.npmjs.org/yargs-unparser 381ms (cache revalidated)
npm http fetch GET 200 https://registry.npmjs.org/performance-now 373ms (cache revalidated)
npm http fetch GET 200 https://registry.npmjs.org/forever-agent 392ms (cache revalidated)
npm http fetch GET 200 https://registry.npmjs.org/qs 425ms (cache revalidated)
npm http fetch GET 200 https://registry.npmjs.org/extend 434ms (cache revalidated)
npm http fetch GET 200 https://registry.npmjs.org/mime-types 444ms (cache revalidated)
npm http fetch GET 200 https://registry.npmjs.org/oauth-sign 462ms (cache revalidated)
npm http fetch GET 200 https://registry.npmjs.org/tunnel-agent 467ms (cache revalidated)
npm http fetch GET 200 https://registry.npmjs.org/extend 473ms (cache revalidated)
npm http fetch GET 200 https://registry.npmjs.org/isstream 498ms (cache revalidated)
npm http fetch GET 200 https://registry.npmjs.org/semver-diff 503ms (cache revalidated)
npm http fetch GET 200 https://registry.npmjs.org/xdg-basedir 508ms (cache revalidated)
npm http fetch GET 200 https://registry.npmjs.org/import-lazy 511ms (cache revalidated)
npm http fetch GET 200 https://registry.npmjs.org/require-main-filename 516ms (cache revalidated)
npm http fetch GET 200 https://registry.npmjs.org/set-blocking 539ms (cache revalidated)
npm http fetch GET 200 https://registry.npmjs.org/readdir-glob 586ms (cache revalidated)
npm http fetch GET 200 https://registry.npmjs.org/isstream 561ms (cache revalidated)
npm http fetch GET 200 https://registry.npmjs.org/is-yarn-global 573ms (cache revalidated)
npm http fetch GET 200 https://registry.npmjs.org/get-caller-file 570ms (cache revalidated)
npm http fetch GET 200 https://registry.npmjs.org/pupa 598ms (cache revalidated)
npm http fetch GET 200 https://registry.npmjs.org/decamelize 605ms (cache revalidated)
npm http fetch GET 200 https://registry.npmjs.org/which-module 632ms (cache revalidated)
npm http fetch GET 200 https://registry.npmjs.org/stack-trace 638ms (cache revalidated)
npm http fetch GET 200 https://registry.npmjs.org/boxen 644ms (cache revalidated)
npm http fetch GET 200 https://registry.npmjs.org/is-npm 665ms (cache revalidated)
npm http fetch GET 200 https://registry.npmjs.org/colors 663ms (cache revalidated)
npm http fetch GET 200 https://registry.npmjs.org/require-directory 678ms (cache revalidated)
npm http fetch GET 200 https://registry.npmjs.org/y18n 691ms (cache revalidated)
npm http fetch GET 200 https://registry.npmjs.org/cycle 700ms (cache revalidated)
npm http fetch GET 200 https://registry.npmjs.org/js-message 716ms (cache revalidated)
npm http fetch GET 200 https://registry.npmjs.org/has-yarn 756ms (cache revalidated)
npm http fetch GET 200 https://registry.npmjs.org/eyes 777ms (cache revalidated)
npm http fetch GET 200 https://registry.npmjs.org/ini 835ms (cache revalidated)
npm http fetch GET 200 https://registry.npmjs.org/strip-dirs 1042ms (cache revalidated)
npm http fetch GET 200 https://registry.npmjs.org/temp-fs 1109ms (cache revalidated)
npm http fetch GET 200 https://registry.npmjs.org/js-queue 1091ms (cache revalidated)
npm http fetch GET 200 https://registry.npmjs.org/event-pubsub 1191ms (cache revalidated)
npm http fetch GET 200 https://registry.npmjs.org/configstore 1302ms (cache revalidated)
npm http fetch GET 200 https://registry.npmjs.org/is-running 1552ms (cache revalidated)
npm http fetch GET 200 https://registry.npmjs.org/lodash.flatten 176ms (cache revalidated)
npm http fetch GET 200 https://registry.npmjs.org/util-deprecate 350ms (cache revalidated)
npm http fetch GET 200 https://registry.npmjs.org/fs-constants 343ms (cache revalidated)
npm http fetch GET 200 https://registry.npmjs.org/string_decoder 351ms (cache revalidated)
npm http fetch GET 200 https://registry.npmjs.org/lodash.difference 358ms (cache revalidated)
npm http fetch GET 200 https://registry.npmjs.org/lodash.union 356ms (cache revalidated)
npm http fetch GET 200 https://registry.npmjs.org/normalize-path 355ms (cache revalidated)
npm http fetch GET 200 https://registry.npmjs.org/lodash.isplainobject 357ms (cache revalidated)
npm http fetch GET 200 https://registry.npmjs.org/lazystream 361ms (cache revalidated)
npm http fetch GET 200 https://registry.npmjs.org/compress-commons 345ms (cache revalidated)
npm http fetch GET 200 https://registry.npmjs.org/end-of-stream 347ms (cache revalidated)
npm http fetch GET 200 https://registry.npmjs.org/lodash.defaults 1046ms (cache revalidated)
npm http fetch GET 200 https://registry.npmjs.org/core-util-is 165ms (cache revalidated)
npm http fetch GET 200 https://registry.npmjs.org/process-nextick-args 163ms (cache revalidated)
npm http fetch GET 200 https://registry.npmjs.org/isarray 165ms (cache revalidated)
npm http fetch GET 200 https://registry.npmjs.org/event-stream 164ms (cache revalidated)
npm http fetch GET 200 https://registry.npmjs.org/color-convert 174ms (cache revalidated)
npm http fetch GET 200 https://registry.npmjs.org/has-flag 173ms (cache revalidated)
npm http fetch GET 200 https://registry.npmjs.org/color-name 168ms (cache revalidated)
npm http fetch GET 200 https://registry.npmjs.org/is-fullwidth-code-point 171ms (cache revalidated)
npm http fetch GET 200 https://registry.npmjs.org/emoji-regex 172ms (cache revalidated)
npm http fetch GET 200 https://registry.npmjs.org/ansi-regex 172ms (cache revalidated)
npm http fetch GET 200 https://registry.npmjs.org/defaults 171ms (cache revalidated)
npm http fetch GET 200 https://registry.npmjs.org/resolve-from 166ms (cache revalidated)
npm http fetch GET 200 https://registry.npmjs.org/error-ex 164ms (cache revalidated)
npm http fetch GET 200 https://registry.npmjs.org/json-parse-even-better-errors 165ms (cache revalidated)
npm http fetch GET 200 https://registry.npmjs.org/parent-module 169ms (cache revalidated)
npm http fetch GET 200 https://registry.npmjs.org/restore-cursor 330ms (cache revalidated)
npm http fetch GET 200 https://registry.npmjs.org/ci-info 319ms (cache revalidated)
npm http fetch GET 200 https://registry.npmjs.org/is-stream 326ms (cache revalidated)
npm http fetch GET 200 https://registry.npmjs.org/log-update 318ms (cache revalidated)
npm http fetch GET 200 https://registry.npmjs.org/at-least-node 322ms (cache revalidated)
npm http fetch GET 200 https://registry.npmjs.org/signal-exit 326ms (cache revalidated)
npm http fetch GET 200 https://registry.npmjs.org/strip-final-newline 327ms (cache revalidated)
npm http fetch GET 200 https://registry.npmjs.org/merge-stream 328ms (cache revalidated)
npm http fetch GET 200 https://registry.npmjs.org/p-map 318ms (cache revalidated)
npm http fetch GET 200 https://registry.npmjs.org/get-stream 325ms (cache revalidated)
npm http fetch GET 200 https://registry.npmjs.org/ieee754 336ms (cache revalidated)
npm http fetch GET 200 https://registry.npmjs.org/base64-js 337ms (cache revalidated)
npm http fetch GET 200 https://registry.npmjs.org/@types%2fyauzl 367ms (cache revalidated)
npm http fetch GET 200 https://registry.npmjs.org/wrap-ansi 359ms (cache revalidated)
npm http fetch GET 200 https://registry.npmjs.org/is-unicode-supported 360ms (cache revalidated)
npm http fetch GET 200 https://registry.npmjs.org/get-stream 381ms (cache revalidated)
npm http fetch GET 200 https://registry.npmjs.org/colorette 372ms (cache revalidated)
npm http fetch GET 200 https://registry.npmjs.org/onetime 384ms (cache revalidated)
npm http fetch GET 200 https://registry.npmjs.org/global-dirs 442ms (cache revalidated)
npm http fetch GET 200 https://registry.npmjs.org/rfdc 444ms (cache revalidated)
npm http fetch GET 200 https://registry.npmjs.org/through 444ms (cache revalidated)
npm http fetch GET 200 https://registry.npmjs.org/throttleit 454ms (cache revalidated)
npm http fetch GET 200 https://registry.npmjs.org/rxjs 461ms (cache revalidated)
npm http fetch GET 200 https://registry.npmjs.org/fd-slicer 501ms (cache revalidated)
npm http fetch GET 200 https://registry.npmjs.org/@colors%2fcolors 713ms (cache revalidated)
npm http fetch GET 200 https://registry.npmjs.org/human-signals 1085ms (cache revalidated)
npm http fetch GET 200 https://registry.npmjs.org/cli-truncate 1218ms (cache revalidated)
npm http fetch GET 200 https://registry.npmjs.org/lodash.once 1258ms (cache revalidated)
npm http fetch GET 200 https://registry.npmjs.org/side-channel 64ms (cache revalidated)
npm http fetch GET 200 https://registry.npmjs.org/asynckit 80ms (cache revalidated)
npm http fetch GET 200 https://registry.npmjs.org/delayed-stream 84ms (cache revalidated)
npm http fetch GET 200 https://registry.npmjs.org/psl 71ms (cache revalidated)
npm http fetch GET 200 https://registry.npmjs.org/url-parse 71ms (cache revalidated)
npm http fetch GET 200 https://registry.npmjs.org/mime-db 80ms (cache revalidated)
npm http fetch GET 200 https://registry.npmjs.org/assert-plus 149ms (cache revalidated)
npm http fetch GET 200 https://registry.npmjs.org/jsprim 154ms (cache revalidated)
npm http fetch GET 200 https://registry.npmjs.org/punycode 145ms (cache revalidated)
npm http fetch GET 200 https://registry.npmjs.org/sshpk 164ms (cache revalidated)
npm http fetch GET 200 https://registry.npmjs.org/is-natural-number 151ms (cache revalidated)
npm http fetch GET 200 https://registry.npmjs.org/seek-bzip 159ms (cache revalidated)
npm http fetch GET 200 https://registry.npmjs.org/file-type 162ms (cache revalidated)
npm http fetch GET 200 https://registry.npmjs.org/unbzip2-stream 163ms (cache revalidated)
npm http fetch GET 200 https://registry.npmjs.org/file-type 166ms (cache revalidated)
npm http fetch GET 200 https://registry.npmjs.org/file-type 166ms (cache revalidated)
npm http fetch GET 200 https://registry.npmjs.org/xtend 68ms (cache revalidated)
npm http fetch GET 200 https://registry.npmjs.org/buffer-alloc 145ms (cache revalidated)
npm http fetch GET 200 https://registry.npmjs.org/to-buffer 145ms (cache revalidated)
npm http fetch GET 200 https://registry.npmjs.org/object-assign 68ms (cache revalidated)
npm http fetch GET 200 https://registry.npmjs.org/pinkie-promise 138ms (cache revalidated)
npm http fetch GET 200 https://registry.npmjs.org/filelist 59ms (cache revalidated)
npm http fetch GET 200 https://registry.npmjs.org/argparse 70ms (cache revalidated)
npm http fetch GET 200 https://registry.npmjs.org/which 83ms (cache revalidated)
npm http fetch GET 200 https://registry.npmjs.org/json-schema-traverse 86ms (cache revalidated)
npm http fetch GET 200 https://registry.npmjs.org/type-check 71ms (cache revalidated)
npm http fetch GET 200 https://registry.npmjs.org/fastq 91ms (cache revalidated)
npm http fetch GET 200 https://registry.npmjs.org/acorn-jsx 82ms (cache revalidated)
npm http fetch GET 200 https://registry.npmjs.org/locate-path 81ms (cache revalidated)
npm http fetch GET 200 https://registry.npmjs.org/shebang-command 88ms (cache revalidated)
npm http fetch GET 200 https://registry.npmjs.org/uri-js 93ms (cache revalidated)
npm http fetch GET 200 https://registry.npmjs.org/path-exists 90ms (cache revalidated)
npm http fetch GET 200 https://registry.npmjs.org/fast-json-stable-stringify 99ms (cache revalidated)
npm http fetch GET 200 https://registry.npmjs.org/flat-cache 93ms (cache revalidated)
npm http fetch GET 200 https://registry.npmjs.org/type-check 114ms (cache revalidated)
npm http fetch GET 200 https://registry.npmjs.org/prelude-ls 119ms (cache revalidated)
npm http fetch GET 200 https://registry.npmjs.org/fast-levenshtein 122ms (cache revalidated)
npm http fetch GET 200 https://registry.npmjs.org/type-fest 131ms (cache revalidated)
npm http fetch GET 200 https://registry.npmjs.org/deep-is 126ms (cache revalidated)
npm http fetch GET 200 https://registry.npmjs.org/esrecurse 160ms (cache revalidated)
npm http fetch GET 200 https://registry.npmjs.org/is-extglob 219ms (cache revalidated)
npm http fetch GET 200 https://registry.npmjs.org/@nodelib%2ffs.scandir 451ms (cache revalidated)
npm http fetch GET 200 https://registry.npmjs.org/@aashutoshrathi%2fword-wrap 484ms (cache revalidated)
npm http fetch GET 200 https://registry.npmjs.org/@humanwhocodes%2fobject-schema 1057ms (cache revalidated)
npm http fetch GET 200 https://registry.npmjs.org/reusify 64ms (cache revalidated)
npm http fetch GET 200 https://registry.npmjs.org/run-parallel 77ms (cache revalidated)
npm http fetch GET 200 https://registry.npmjs.org/queue-microtask 68ms (cache revalidated)
npm http fetch GET 200 https://registry.npmjs.org/isexe 65ms (cache revalidated)
npm http fetch GET 200 https://registry.npmjs.org/shebang-regex 67ms (cache revalidated)
npm http fetch GET 200 https://registry.npmjs.org/pump 64ms (cache revalidated)
npm http fetch GET 200 https://registry.npmjs.org/mimic-fn 62ms (cache revalidated)
npm http fetch GET 200 https://registry.npmjs.org/undici-types 57ms (cache revalidated)
npm http fetch GET 200 https://registry.npmjs.org/picomatch 56ms (cache revalidated)
npm http fetch GET 200 https://registry.npmjs.org/braces 62ms (cache revalidated)
npm http fetch GET 200 https://registry.npmjs.org/flatted 60ms (cache revalidated)
npm http fetch GET 200 https://registry.npmjs.org/keyv 166ms (cache revalidated)
npm http fetch GET 200 https://registry.npmjs.org/p-locate 79ms (cache revalidated)
npm http fetch GET 200 https://registry.npmjs.org/json-buffer 56ms (cache revalidated)
npm http fetch GET 200 https://registry.npmjs.org/pinkie 141ms (cache revalidated)
npm http fetch GET 200 https://registry.npmjs.org/wrappy 72ms (cache revalidated)
npm http fetch GET 200 https://registry.npmjs.org/json-schema 75ms (cache revalidated)
npm http fetch GET 200 https://registry.npmjs.org/safer-buffer 74ms (cache revalidated)
npm http fetch GET 200 https://registry.npmjs.org/getpass 140ms (cache revalidated)
npm http fetch GET 200 https://registry.npmjs.org/bcrypt-pbkdf 144ms (cache revalidated)
npm http fetch GET 200 https://registry.npmjs.org/verror 155ms (cache revalidated)
npm http fetch GET 200 https://registry.npmjs.org/dashdash 157ms (cache revalidated)
npm http fetch GET 200 https://registry.npmjs.org/ecc-jsbn 157ms (cache revalidated)
npm http fetch GET 200 https://registry.npmjs.org/extsprintf 162ms (cache revalidated)
npm http fetch GET 200 https://registry.npmjs.org/jsbn 161ms (cache revalidated)
npm http fetch GET 200 https://registry.npmjs.org/asn1 168ms (cache revalidated)
npm http fetch GET 200 https://registry.npmjs.org/tweetnacl 922ms (cache revalidated)
npm http fetch GET 200 https://registry.npmjs.org/callsites 75ms (cache revalidated)
npm http fetch GET 200 https://registry.npmjs.org/ansi-escapes 148ms (cache revalidated)
npm http fetch GET 200 https://registry.npmjs.org/aggregate-error 158ms (cache revalidated)
npm http fetch GET 200 https://registry.npmjs.org/astral-regex 61ms (cache revalidated)
npm http fetch GET 200 https://registry.npmjs.org/p-limit 69ms (cache revalidated)
npm http fetch GET 200 https://registry.npmjs.org/fill-range 69ms (cache revalidated)
npm http fetch GET 200 https://registry.npmjs.org/to-regex-range 63ms (cache revalidated)
npm http fetch GET 200 https://registry.npmjs.org/is-number 60ms (cache revalidated)
npm http fetch GET 200 https://registry.npmjs.org/balanced-match 64ms (cache revalidated)
npm http fetch GET 200 https://registry.npmjs.org/readdirp 79ms (cache revalidated)
npm http fetch GET 200 https://registry.npmjs.org/anymatch 86ms (cache revalidated)
npm http fetch GET 200 https://registry.npmjs.org/randombytes 77ms (cache revalidated)
npm http fetch GET 200 https://registry.npmjs.org/is-plain-obj 76ms (cache revalidated)
npm http fetch GET 200 https://registry.npmjs.org/fsevents 92ms (cache revalidated)
npm http fetch GET 200 https://registry.npmjs.org/camelcase 79ms (cache revalidated)
npm http fetch GET 200 https://registry.npmjs.org/is-binary-path 94ms (cache revalidated)
npm http fetch GET 200 https://registry.npmjs.org/binary-extensions 60ms (cache revalidated)
npm http fetch GET 200 https://registry.npmjs.org/easy-stack 913ms (cache revalidated)
npm http fetch GET 200 https://registry.npmjs.org/builtins 148ms (cache revalidated)
npm http fetch GET 200 https://registry.npmjs.org/is-wsl 65ms (cache revalidated)
npm http fetch GET 200 https://registry.npmjs.org/pretty-format 71ms (cache revalidated)
npm http fetch GET 200 https://registry.npmjs.org/duplexer 68ms (cache revalidated)
npm http fetch GET 200 https://registry.npmjs.org/jest-get-type 76ms (cache revalidated)
npm http fetch GET 200 https://registry.npmjs.org/follow-redirects 83ms (cache revalidated)
npm http fetch GET 200 https://registry.npmjs.org/define-lazy-prop 73ms (cache revalidated)
npm http fetch GET 200 https://registry.npmjs.org/diff-sequences 80ms (cache revalidated)
npm http fetch GET 200 https://registry.npmjs.org/is-docker 81ms (cache revalidated)
npm http fetch GET 200 https://registry.npmjs.org/esprima 54ms (cache revalidated)
npm http fetch GET 200 https://registry.npmjs.org/react-is 74ms (cache revalidated)
npm http fetch GET 200 https://registry.npmjs.org/@jest%2fschemas 424ms (cache revalidated)
npm http fetch GET 200 https://registry.npmjs.org/yocto-queue 74ms (cache revalidated)
npm http fetch GET 200 https://registry.npmjs.org/indent-string 63ms (cache revalidated)
npm http fetch GET 200 https://registry.npmjs.org/clean-stack 145ms (cache revalidated)
npm http fetch GET 200 https://registry.npmjs.org/is-arrayish 65ms (cache revalidated)
npm http fetch GET 200 https://registry.npmjs.org/@sinclair%2ftypebox 641ms (cache revalidated)
npm http fetch GET 200 https://registry.npmjs.org/from 151ms (cache revalidated)
npm http fetch GET 200 https://registry.npmjs.org/stream-combiner 150ms (cache revalidated)
npm http fetch GET 200 https://registry.npmjs.org/pause-stream 155ms (cache revalidated)
npm http fetch GET 200 https://registry.npmjs.org/map-stream 165ms (cache revalidated)
npm http fetch GET 200 https://registry.npmjs.org/split 928ms (cache revalidated)
npm http fetch GET 200 https://registry.npmjs.org/object-inspect 70ms (cache revalidated)
npm http fetch GET 200 https://registry.npmjs.org/get-intrinsic 72ms (cache revalidated)
npm http fetch GET 200 https://registry.npmjs.org/es-errors 75ms (cache revalidated)
npm http fetch GET 200 https://registry.npmjs.org/call-bind 77ms (cache revalidated)
npm http fetch GET 200 https://registry.npmjs.org/unicode-canonical-property-names-ecmascript 70ms (cache revalidated)
npm http fetch GET 200 https://registry.npmjs.org/unicode-property-aliases-ecmascript 70ms (cache revalidated)
npm http fetch GET 200 https://registry.npmjs.org/har-schema 150ms (cache revalidated)
npm http fetch GET 200 https://registry.npmjs.org/hasown 69ms (cache revalidated)
npm http fetch GET 200 https://registry.npmjs.org/function-bind 88ms (cache revalidated)
npm http fetch GET 200 https://registry.npmjs.org/es-define-property 65ms (cache revalidated)
npm http fetch GET 200 https://registry.npmjs.org/has-proto 63ms (cache revalidated)
npm http fetch GET 200 https://registry.npmjs.org/set-function-length 68ms (cache revalidated)
npm http fetch GET 200 https://registry.npmjs.org/has-symbols 65ms (cache revalidated)
npm http fetch GET 200 https://registry.npmjs.org/define-data-property 57ms (cache revalidated)
npm http fetch GET 200 https://registry.npmjs.org/gopd 60ms (cache revalidated)
npm http fetch GET 200 https://registry.npmjs.org/has-property-descriptors 64ms (cache revalidated)
npm http fetch GET 200 https://registry.npmjs.org/querystringify 57ms (cache revalidated)
npm http fetch GET 200 https://registry.npmjs.org/requires-port 69ms (cache revalidated)
npm http fetch GET 200 https://registry.npmjs.org/package-json 9ms (cache hit)
npm http fetch GET 200 https://registry.npmjs.org/write-file-atomic 66ms (cache revalidated)
npm http fetch GET 200 https://registry.npmjs.org/unique-string 70ms (cache revalidated)
npm http fetch GET 200 https://registry.npmjs.org/escape-goat 147ms (cache revalidated)
npm http fetch GET 200 https://registry.npmjs.org/widest-line 158ms (cache revalidated)
npm http fetch GET 200 https://registry.npmjs.org/ansi-align 172ms (cache revalidated)
npm http fetch GET 200 https://registry.npmjs.org/dot-prop 178ms (cache revalidated)
npm http fetch GET 200 https://registry.npmjs.org/cli-boxes 382ms (cache revalidated)
npm http fetch GET 200 https://registry.npmjs.org/is-obj 67ms (cache revalidated)
npm http fetch GET 200 https://registry.npmjs.org/typedarray-to-buffer 66ms (cache revalidated)
npm http fetch GET 200 https://registry.npmjs.org/crypto-random-string 146ms (cache revalidated)
npm http fetch GET 200 https://registry.npmjs.org/got 10ms (cache hit)
npm http fetch GET 200 https://registry.npmjs.org/registry-auth-token 61ms (cache revalidated)
npm http fetch GET 200 https://registry.npmjs.org/registry-url 66ms (cache revalidated)
npm http fetch GET 200 https://registry.npmjs.org/lowercase-keys 160ms (cache revalidated)
npm http fetch GET 200 https://registry.npmjs.org/p-cancelable 160ms (cache revalidated)
npm http fetch GET 200 https://registry.npmjs.org/to-readable-stream 164ms (cache revalidated)
npm http fetch GET 200 https://registry.npmjs.org/rc 163ms (cache revalidated)
npm http fetch GET 200 https://registry.npmjs.org/rc 167ms (cache revalidated)
npm http fetch GET 200 https://registry.npmjs.org/mimic-response 174ms (cache revalidated)
npm http fetch GET 200 https://registry.npmjs.org/url-parse-lax 176ms (cache revalidated)
npm http fetch GET 200 https://registry.npmjs.org/cacheable-request 392ms (cache revalidated)
npm http fetch GET 200 https://registry.npmjs.org/@sindresorhus%2fis 637ms (cache revalidated)
npm http fetch GET 200 https://registry.npmjs.org/@szmarczak%2fhttp-timer 859ms (cache revalidated)
npm http fetch GET 200 https://registry.npmjs.org/decompress-response 948ms (cache revalidated)
npm http fetch GET 200 https://registry.npmjs.org/duplexer3 951ms (cache revalidated)
npm http fetch GET 200 https://registry.npmjs.org/normalize-url 74ms (cache revalidated)
npm http fetch GET 200 https://registry.npmjs.org/clone-response 154ms (cache revalidated)
npm http fetch GET 200 https://registry.npmjs.org/responselike 163ms (cache revalidated)
npm http fetch GET 200 https://registry.npmjs.org/defer-to-connect 173ms (cache revalidated)
npm http fetch GET 200 https://registry.npmjs.org/http-cache-semantics 175ms (cache revalidated)
npm http fetch GET 200 https://registry.npmjs.org/prepend-http 970ms (cache revalidated)
npm http fetch GET 200 https://registry.npmjs.org/deep-extend 146ms (cache revalidated)
npm http fetch GET 200 https://registry.npmjs.org/clone 63ms (cache revalidated)
npm http fetch GET 200 https://registry.npmjs.org/pend 150ms (cache revalidated)
npm http fetch GET 200 https://registry.npmjs.org/crc32-stream 158ms (cache revalidated)
npm http fetch GET 200 https://registry.npmjs.org/crc-32 924ms (cache revalidated)
npm http fetch GET 200 https://registry.npmjs.org/concat-map 61ms (cache revalidated)
npm http fetch GET 200 https://registry.npmjs.org/sprintf-js 98ms (cache revalidated)
npm http fetch GET 200 https://registry.npmjs.org/buffer-alloc-unsafe 156ms (cache revalidated)
npm http fetch GET 200 https://registry.npmjs.org/buffer-fill 159ms (cache revalidated)
npm http fetch GET 200 https://registry.npmjs.org/p-try 70ms (cache revalidated)
npm verb reify failed optional dependency /Users/nithyamani/Desktop/sapiens/new/nx-browser-stack-cypress/apps/customer-e2e/tmpBstackPackages/node_modules/@nx/nx-win32-x64-msvc
npm verb reify failed optional dependency /Users/nithyamani/Desktop/sapiens/new/nx-browser-stack-cypress/apps/customer-e2e/tmpBstackPackages/node_modules/@nx/nx-win32-arm64-msvc
npm verb reify failed optional dependency /Users/nithyamani/Desktop/sapiens/new/nx-browser-stack-cypress/apps/customer-e2e/tmpBstackPackages/node_modules/@nx/nx-linux-x64-musl
npm verb reify failed optional dependency /Users/nithyamani/Desktop/sapiens/new/nx-browser-stack-cypress/apps/customer-e2e/tmpBstackPackages/node_modules/@nx/nx-linux-x64-gnu
npm verb reify failed optional dependency /Users/nithyamani/Desktop/sapiens/new/nx-browser-stack-cypress/apps/customer-e2e/tmpBstackPackages/node_modules/@nx/nx-linux-arm64-musl
npm verb reify failed optional dependency /Users/nithyamani/Desktop/sapiens/new/nx-browser-stack-cypress/apps/customer-e2e/tmpBstackPackages/node_modules/@nx/nx-linux-arm64-gnu
npm verb reify failed optional dependency /Users/nithyamani/Desktop/sapiens/new/nx-browser-stack-cypress/apps/customer-e2e/tmpBstackPackages/node_modules/@nx/nx-linux-arm-gnueabihf
npm verb reify failed optional dependency /Users/nithyamani/Desktop/sapiens/new/nx-browser-stack-cypress/apps/customer-e2e/tmpBstackPackages/node_modules/@nx/nx-freebsd-x64
npm verb reify failed optional dependency /Users/nithyamani/Desktop/sapiens/new/nx-browser-stack-cypress/apps/customer-e2e/tmpBstackPackages/node_modules/@nx/nx-darwin-x64
npm verb reify failed optional dependency /Users/nithyamani/Desktop/sapiens/new/nx-browser-stack-cypress/apps/customer-e2e/tmpBstackPackages/node_modules/@nx/workspace/node_modules/@nx/nx-win32-x64-msvc
npm verb reify failed optional dependency /Users/nithyamani/Desktop/sapiens/new/nx-browser-stack-cypress/apps/customer-e2e/tmpBstackPackages/node_modules/@nx/workspace/node_modules/@nx/nx-win32-arm64-msvc
npm verb reify failed optional dependency /Users/nithyamani/Desktop/sapiens/new/nx-browser-stack-cypress/apps/customer-e2e/tmpBstackPackages/node_modules/@nx/workspace/node_modules/@nx/nx-linux-x64-musl
npm verb reify failed optional dependency /Users/nithyamani/Desktop/sapiens/new/nx-browser-stack-cypress/apps/customer-e2e/tmpBstackPackages/node_modules/@nx/workspace/node_modules/@nx/nx-linux-x64-gnu
npm verb reify failed optional dependency /Users/nithyamani/Desktop/sapiens/new/nx-browser-stack-cypress/apps/customer-e2e/tmpBstackPackages/node_modules/@nx/workspace/node_modules/@nx/nx-linux-arm64-musl
npm verb reify failed optional dependency /Users/nithyamani/Desktop/sapiens/new/nx-browser-stack-cypress/apps/customer-e2e/tmpBstackPackages/node_modules/@nx/workspace/node_modules/@nx/nx-linux-arm64-gnu
npm verb reify failed optional dependency /Users/nithyamani/Desktop/sapiens/new/nx-browser-stack-cypress/apps/customer-e2e/tmpBstackPackages/node_modules/@nx/workspace/node_modules/@nx/nx-linux-arm-gnueabihf
npm verb reify failed optional dependency /Users/nithyamani/Desktop/sapiens/new/nx-browser-stack-cypress/apps/customer-e2e/tmpBstackPackages/node_modules/@nx/workspace/node_modules/@nx/nx-freebsd-x64
npm verb reify failed optional dependency /Users/nithyamani/Desktop/sapiens/new/nx-browser-stack-cypress/apps/customer-e2e/tmpBstackPackages/node_modules/@nx/workspace/node_modules/@nx/nx-darwin-x64
npm http fetch POST 200 https://registry.npmjs.org/-/npm/v1/security/advisories/bulk 638ms
npm WARN deprecated har-validator@5.1.5: this library is no longer supported
npm WARN deprecated uuid@3.4.0: Please upgrade  to version 7 or higher.  Older versions may use Math.random() in certain circumstances, which is known to be problematic.  See https://v8.dev/blog/math-random for details.
npm WARN deprecated request@2.88.2: request has been deprecated, see https://github.com/request/request/issues/3142
npm info run cypress@13.6.4 postinstall node_modules/cypress node index.js --exec install
npm info run nx@18.0.4 postinstall node_modules/nx node ./bin/post-install
npm info run nx@18.0.3 postinstall node_modules/@nx/workspace/node_modules/nx node ./bin/post-install
npm info run cypress@13.6.4 postinstall { code: 0, signal: null }
npm info run nx@18.0.3 postinstall { code: 0, signal: null }
npm info run nx@18.0.4 postinstall { code: 0, signal: null }

added 790 packages, and audited 791 packages in 36s

94 packages are looking for funding
  run `npm fund` for details

7 moderate severity vulnerabilities

To address all issues (including breaking changes), run:
  npm audit fix --force

Run `npm audit` for details.
npm verb exit 0
npm info ok 
