npm verb cli C:\Program Files\nodejs\node.exe C:\Program Files\nodejs\node_modules\npm\bin\npm-cli.js
npm info using npm@9.3.1
npm info using node@v18.14.0
npm verb title npm install
npm verb argv "install" "--legacy-peer-deps" "--loglevel" "verbose"
npm verb logfile logs-max:10 dir:C:\Users\Vinit.kumar\AppData\Local\npm-cache\_logs\2024-02-08T09_13_41_878Z-
npm verb logfile C:\Users\Vinit.kumar\AppData\Local\npm-cache\_logs\2024-02-08T09_13_41_878Z-debug-0.log
npm http fetch GET 200 https://registry.yarnpkg.com/typescript 395ms (cache revalidated)
npm http fetch GET 200 https://registry.yarnpkg.com/browserstack-cypress-cli 1050ms (cache revalidated)
npm http fetch GET 200 https://registry.yarnpkg.com/cypress 47ms (cache revalidated)
npm http fetch GET 200 https://registry.yarnpkg.com/cli-progress 453ms (cache revalidated)
npm http fetch GET 200 https://registry.yarnpkg.com/uuid 464ms (cache revalidated)
npm http fetch GET 200 https://registry.yarnpkg.com/archiver 483ms (cache revalidated)
npm http fetch GET 200 https://registry.yarnpkg.com/glob 491ms (cache revalidated)
npm http fetch GET 200 https://registry.yarnpkg.com/mocha 496ms (cache revalidated)
npm http fetch GET 200 https://registry.yarnpkg.com/async 508ms (cache revalidated)
npm http fetch GET 200 https://registry.yarnpkg.com/update-notifier 498ms (cache revalidated)
npm http fetch GET 200 https://registry.yarnpkg.com/chalk 511ms (cache revalidated)
npm http fetch GET 200 https://registry.yarnpkg.com/fs-extra 520ms (cache revalidated)
npm http fetch GET 200 https://registry.yarnpkg.com/request 515ms (cache revalidated)
npm http fetch GET 200 https://registry.yarnpkg.com/requestretry 520ms (cache revalidated)
npm http fetch GET 200 https://registry.yarnpkg.com/gitconfiglocal 529ms (cache revalidated)
npm http fetch GET 200 https://registry.yarnpkg.com/yargs 522ms (cache revalidated)
npm http fetch GET 200 https://registry.yarnpkg.com/mkdirp 531ms (cache revalidated)
npm http fetch GET 200 https://registry.yarnpkg.com/blob-util 520ms (cache revalidated)
npm http fetch GET 200 https://registry.yarnpkg.com/winston 529ms (cache revalidated)
npm http fetch GET 200 https://registry.yarnpkg.com/table 538ms (cache revalidated)
npm http fetch GET 200 https://registry.yarnpkg.com/git-repo-info 547ms (cache revalidated)
npm http fetch GET 200 https://registry.yarnpkg.com/bluebird 530ms (cache revalidated)
npm http fetch GET 200 https://registry.yarnpkg.com/@types%2fsinonjs__fake-timers 546ms (cache revalidated)
npm http fetch GET 200 https://registry.yarnpkg.com/@cypress%2fxvfb 551ms (cache revalidated)
npm http fetch GET 200 https://registry.yarnpkg.com/cli-table3 547ms (cache revalidated)
npm http fetch GET 200 https://registry.yarnpkg.com/cachedir 552ms (cache revalidated)
npm http fetch GET 200 https://registry.yarnpkg.com/common-tags 548ms (cache revalidated)
npm http fetch GET 200 https://registry.yarnpkg.com/windows-release 565ms (cache revalidated)
npm http fetch GET 200 https://registry.yarnpkg.com/dayjs 550ms (cache revalidated)
npm http fetch GET 200 https://registry.yarnpkg.com/decompress 573ms (cache revalidated)
npm http fetch GET 200 https://registry.yarnpkg.com/buffer 567ms (cache revalidated)
npm http fetch GET 200 https://registry.yarnpkg.com/eventemitter2 559ms (cache revalidated)
npm http fetch GET 200 https://registry.yarnpkg.com/@types%2fsizzle 574ms (cache revalidated)
npm http fetch GET 200 https://registry.yarnpkg.com/enquirer 571ms (cache revalidated)
npm http fetch GET 200 https://registry.yarnpkg.com/arch 584ms (cache revalidated)
npm http fetch GET 200 https://registry.yarnpkg.com/commander 578ms (cache revalidated)
npm http fetch GET 200 https://registry.yarnpkg.com/chalk 590ms (cache revalidated)
npm http fetch GET 200 https://registry.yarnpkg.com/extract-zip 583ms (cache revalidated)
npm http fetch GET 200 https://registry.yarnpkg.com/figures 583ms (cache revalidated)
npm http fetch GET 200 https://registry.yarnpkg.com/debug 593ms (cache revalidated)
npm http fetch GET 200 https://registry.yarnpkg.com/check-more-types 600ms (cache revalidated)
npm http fetch GET 200 https://registry.yarnpkg.com/is-installed-globally 584ms (cache revalidated)
npm http fetch GET 200 https://registry.yarnpkg.com/@cypress%2frequest 611ms (cache revalidated)
npm http fetch GET 200 https://registry.yarnpkg.com/executable 595ms (cache revalidated)
npm http fetch GET 200 https://registry.yarnpkg.com/fs-extra 597ms (cache revalidated)
npm http fetch GET 200 https://registry.yarnpkg.com/execa 602ms (cache revalidated)
npm http fetch GET 200 https://registry.yarnpkg.com/ospath 594ms (cache revalidated)
npm http fetch GET 200 https://registry.yarnpkg.com/listr2 602ms (cache revalidated)
npm http fetch GET 200 https://registry.yarnpkg.com/cli-cursor 625ms (cache revalidated)
npm http fetch GET 200 https://registry.yarnpkg.com/lodash 608ms (cache revalidated)
npm http fetch GET 200 https://registry.yarnpkg.com/proxy-from-env 602ms (cache revalidated)
npm http fetch GET 200 https://registry.yarnpkg.com/lazy-ass 613ms (cache revalidated)
npm http fetch GET 200 https://registry.yarnpkg.com/getos 617ms (cache revalidated)
npm http fetch GET 200 https://registry.yarnpkg.com/log-symbols 613ms (cache revalidated)
npm http fetch GET 200 https://registry.yarnpkg.com/request-progress 606ms (cache revalidated)
npm http fetch GET 200 https://registry.yarnpkg.com/process 613ms (cache revalidated)
npm http fetch GET 200 https://registry.yarnpkg.com/pretty-bytes 623ms (cache revalidated)
npm http fetch GET 200 https://registry.yarnpkg.com/untildify 618ms (cache revalidated)
npm http fetch GET 200 https://registry.yarnpkg.com/supports-color 621ms (cache revalidated)
npm http fetch GET 200 https://registry.yarnpkg.com/semver 624ms (cache revalidated)
npm http fetch GET 200 https://registry.yarnpkg.com/tmp 624ms (cache revalidated)
npm http fetch GET 200 https://registry.yarnpkg.com/yauzl 622ms (cache revalidated)
npm http fetch GET 200 https://registry.yarnpkg.com/minimist 635ms (cache revalidated)
npm http fetch GET 200 https://registry.yarnpkg.com/is-ci 641ms (cache revalidated)
npm http fetch GET 200 https://registry.yarnpkg.com/getmac 1466ms (cache revalidated)
npm http fetch GET 200 https://registry.yarnpkg.com/node-ipc 1468ms (cache revalidated)
npm http fetch GET 200 https://registry.yarnpkg.com/git-last-commit 1479ms (cache revalidated)
npm http fetch GET 200 https://registry.yarnpkg.com/browserstack-local 1577ms (cache revalidated)
npm http fetch GET 200 https://registry.yarnpkg.com/ps-tree 475ms (cache revalidated)
npm http fetch GET 200 https://registry.yarnpkg.com/zip-stream 484ms (cache revalidated)
npm http fetch GET 200 https://registry.yarnpkg.com/tar-stream 487ms (cache revalidated)
npm http fetch GET 200 https://registry.yarnpkg.com/archiver-utils 495ms (cache revalidated)
npm http fetch GET 200 https://registry.yarnpkg.com/readdir-glob 490ms (cache revalidated)
npm http fetch GET 200 https://registry.yarnpkg.com/buffer-crc32 497ms (cache revalidated)
npm http fetch GET 200 https://registry.yarnpkg.com/readable-stream 494ms (cache revalidated)
npm http fetch GET 200 https://registry.yarnpkg.com/https-proxy-agent 492ms (cache revalidated)
npm http fetch GET 200 https://registry.yarnpkg.com/decompress-tarbz2 493ms (cache revalidated)
npm http fetch GET 200 https://registry.yarnpkg.com/ansi-styles 497ms (cache revalidated)
npm http fetch GET 200 https://registry.yarnpkg.com/make-dir 493ms (cache revalidated)
npm http fetch GET 200 https://registry.yarnpkg.com/decompress-unzip 496ms (cache revalidated)
npm http fetch GET 200 https://registry.yarnpkg.com/string-width 500ms (cache revalidated)
npm http fetch GET 200 https://registry.yarnpkg.com/decompress-tar 500ms (cache revalidated)
npm http fetch GET 200 https://registry.yarnpkg.com/jsonfile 498ms (cache revalidated)
npm http fetch GET 200 https://registry.yarnpkg.com/ini 496ms (cache revalidated)
npm http fetch GET 200 https://registry.yarnpkg.com/agent-base 508ms (cache revalidated)
npm http fetch GET 200 https://registry.yarnpkg.com/fs.realpath 509ms (cache revalidated)
npm http fetch GET 200 https://registry.yarnpkg.com/@types%2fnode 515ms (cache revalidated)
npm http fetch GET 200 https://registry.yarnpkg.com/pify 544ms (cache revalidated)
npm http fetch GET 200 https://registry.yarnpkg.com/once 536ms (cache revalidated)
npm http fetch GET 200 https://registry.yarnpkg.com/inflight 538ms (cache revalidated)
npm http fetch GET 200 https://registry.yarnpkg.com/strip-dirs 545ms (cache revalidated)
npm http fetch GET 200 https://registry.yarnpkg.com/ansi-colors 538ms (cache revalidated)
npm http fetch GET 200 https://registry.yarnpkg.com/inherits 543ms (cache revalidated)
npm http fetch GET 200 https://registry.yarnpkg.com/universalify 547ms (cache revalidated)
npm http fetch GET 200 https://registry.yarnpkg.com/graceful-fs 549ms (cache revalidated)
npm http fetch GET 200 https://registry.yarnpkg.com/decompress-targz 568ms (cache revalidated)
npm http fetch GET 200 https://registry.yarnpkg.com/graceful-fs 568ms (cache revalidated)
npm http fetch GET 200 https://registry.yarnpkg.com/minimatch 571ms (cache revalidated)
npm http fetch GET 200 https://registry.yarnpkg.com/js-yaml 566ms (cache revalidated)
npm http fetch GET 200 https://registry.yarnpkg.com/path-is-absolute 572ms (cache revalidated)
npm http fetch GET 200 https://registry.yarnpkg.com/escape-string-regexp 570ms (cache revalidated)
npm http fetch GET 200 https://registry.yarnpkg.com/minimatch 568ms (cache revalidated)
npm http fetch GET 200 https://registry.yarnpkg.com/browser-stdout 574ms (cache revalidated)
npm http fetch GET 200 https://registry.yarnpkg.com/find-up 571ms (cache revalidated)
npm http fetch GET 200 https://registry.yarnpkg.com/serialize-javascript 563ms (cache revalidated)
npm http fetch GET 200 https://registry.yarnpkg.com/chokidar 577ms (cache revalidated)
npm http fetch GET 200 https://registry.yarnpkg.com/nanoid 569ms (cache revalidated)
npm http fetch GET 200 https://registry.yarnpkg.com/ms 571ms (cache revalidated)
npm http fetch GET 200 https://registry.yarnpkg.com/workerpool 568ms (cache revalidated)
npm http fetch GET 200 https://registry.yarnpkg.com/js-message 569ms (cache revalidated)
npm http fetch GET 200 https://registry.yarnpkg.com/diff 600ms (cache revalidated)
npm http fetch GET 200 https://registry.yarnpkg.com/aws4 584ms (cache revalidated)
npm http fetch GET 200 https://registry.yarnpkg.com/extend 583ms (cache revalidated)
npm http fetch GET 200 https://registry.yarnpkg.com/aws-sign2 587ms (cache revalidated)
npm http fetch GET 200 https://registry.yarnpkg.com/har-validator 582ms (cache revalidated)
npm http fetch GET 200 https://registry.yarnpkg.com/form-data 586ms (cache revalidated)
npm http fetch GET 200 https://registry.yarnpkg.com/he 605ms (cache revalidated)
npm http fetch GET 200 https://registry.yarnpkg.com/caseless 591ms (cache revalidated)
npm http fetch GET 200 https://registry.yarnpkg.com/strip-json-comments 597ms (cache revalidated)
npm http fetch GET 200 https://registry.yarnpkg.com/event-pubsub 595ms (cache revalidated)
npm http fetch GET 200 https://registry.yarnpkg.com/combined-stream 596ms (cache revalidated)
npm http fetch GET 200 https://registry.yarnpkg.com/json-stringify-safe 597ms (cache revalidated)
npm http fetch GET 200 https://registry.yarnpkg.com/forever-agent 603ms (cache revalidated)
npm http fetch GET 200 https://registry.yarnpkg.com/safe-buffer 601ms (cache revalidated)
npm http fetch GET 200 https://registry.yarnpkg.com/yargs-unparser 616ms (cache revalidated)
npm http fetch GET 200 https://registry.yarnpkg.com/performance-now 604ms (cache revalidated)
npm http fetch GET 200 https://registry.yarnpkg.com/qs 604ms (cache revalidated)
npm http fetch GET 200 https://registry.yarnpkg.com/mime-types 608ms (cache revalidated)
npm http fetch GET 200 https://registry.yarnpkg.com/isstream 612ms (cache revalidated)
npm http fetch GET 200 https://registry.yarnpkg.com/extend 600ms (cache revalidated)
npm http fetch GET 200 https://registry.yarnpkg.com/http-signature 619ms (cache revalidated)
npm http fetch GET 200 https://registry.yarnpkg.com/is-npm 604ms (cache revalidated)
npm http fetch GET 200 https://registry.yarnpkg.com/yargs-parser 635ms (cache revalidated)
npm http fetch GET 200 https://registry.yarnpkg.com/is-typedarray 626ms (cache revalidated)
npm http fetch GET 200 https://registry.yarnpkg.com/js-queue 634ms (cache revalidated)
npm http fetch GET 200 https://registry.yarnpkg.com/ajv 623ms (cache revalidated)
npm http fetch GET 200 https://registry.yarnpkg.com/configstore 625ms (cache revalidated)
npm http fetch GET 200 https://registry.yarnpkg.com/tunnel-agent 633ms (cache revalidated)
npm http fetch GET 200 https://registry.yarnpkg.com/colors 620ms (cache revalidated)
npm http fetch GET 200 https://registry.yarnpkg.com/string-width 629ms (cache revalidated)
npm http fetch GET 200 https://registry.yarnpkg.com/oauth-sign 644ms (cache revalidated)
npm http fetch GET 200 https://registry.yarnpkg.com/tough-cookie 642ms (cache revalidated)
npm http fetch GET 200 https://registry.yarnpkg.com/has-yarn 636ms (cache revalidated)
npm http fetch GET 200 https://registry.yarnpkg.com/import-lazy 637ms (cache revalidated)
npm http fetch GET 200 https://registry.yarnpkg.com/pupa 635ms (cache revalidated)
npm http fetch GET 200 https://registry.yarnpkg.com/latest-version 647ms (cache revalidated)
npm http fetch GET 200 https://registry.yarnpkg.com/isstream 643ms (cache revalidated)
npm http fetch GET 200 https://registry.yarnpkg.com/slice-ansi 655ms (cache revalidated)
npm http fetch GET 200 https://registry.yarnpkg.com/decamelize 643ms (cache revalidated)
npm http fetch GET 200 https://registry.yarnpkg.com/is-yarn-global 651ms (cache revalidated)
npm http fetch GET 200 https://registry.yarnpkg.com/cycle 647ms (cache revalidated)
npm http fetch GET 200 https://registry.yarnpkg.com/require-directory 642ms (cache revalidated)
npm http fetch GET 200 https://registry.yarnpkg.com/cliui 646ms (cache revalidated)
npm http fetch GET 200 https://registry.yarnpkg.com/find-up 646ms (cache revalidated)
npm http fetch GET 200 https://registry.yarnpkg.com/stack-trace 648ms (cache revalidated)
npm http fetch GET 200 https://registry.yarnpkg.com/get-caller-file 651ms (cache revalidated)
npm http fetch GET 200 https://registry.yarnpkg.com/boxen 664ms (cache revalidated)
npm http fetch GET 200 https://registry.yarnpkg.com/set-blocking 654ms (cache revalidated)
npm http fetch GET 200 https://registry.yarnpkg.com/require-main-filename 656ms (cache revalidated)
npm http fetch GET 200 https://registry.yarnpkg.com/which-module 656ms (cache revalidated)
npm http fetch GET 200 https://registry.yarnpkg.com/y18n 658ms (cache revalidated)
npm http fetch GET 200 https://registry.yarnpkg.com/semver-diff 669ms (cache revalidated)
npm http fetch GET 200 https://registry.yarnpkg.com/yargs-parser 662ms (cache revalidated)
npm http fetch GET 200 https://registry.yarnpkg.com/xdg-basedir 692ms (cache revalidated)
npm http fetch GET 200 https://registry.yarnpkg.com/is-running 1415ms (cache revalidated)
npm http fetch GET 200 https://registry.yarnpkg.com/temp-fs 1414ms (cache revalidated)
npm http fetch GET 200 https://registry.yarnpkg.com/eyes 1637ms (cache revalidated)
npm http fetch GET 200 https://registry.yarnpkg.com/lodash.difference 97ms (cache revalidated)
npm http fetch GET 200 https://registry.yarnpkg.com/util-deprecate 89ms (cache revalidated)
npm http fetch GET 200 https://registry.yarnpkg.com/bl 109ms (cache revalidated)
npm http fetch GET 200 https://registry.yarnpkg.com/lodash.isplainobject 118ms (cache revalidated)
npm http fetch GET 200 https://registry.yarnpkg.com/string_decoder 113ms (cache revalidated)
npm http fetch GET 200 https://registry.yarnpkg.com/normalize-path 115ms (cache revalidated)
npm http fetch GET 200 https://registry.yarnpkg.com/end-of-stream 111ms (cache revalidated)
npm http fetch GET 200 https://registry.yarnpkg.com/lodash.union 118ms (cache revalidated)
npm http fetch GET 200 https://registry.yarnpkg.com/lodash.defaults 125ms (cache revalidated)
npm http fetch GET 200 https://registry.yarnpkg.com/fs-constants 114ms (cache revalidated)
npm http fetch GET 200 https://registry.yarnpkg.com/lazystream 132ms (cache revalidated)
npm http fetch GET 200 https://registry.yarnpkg.com/compress-commons 120ms (cache revalidated)
npm http fetch GET 200 https://registry.yarnpkg.com/lodash.flatten 143ms (cache revalidated)
npm http fetch GET 200 https://registry.yarnpkg.com/process-nextick-args 45ms (cache revalidated)
npm http fetch GET 200 https://registry.yarnpkg.com/isarray 47ms (cache revalidated)
npm http fetch GET 200 https://registry.yarnpkg.com/core-util-is 61ms (cache revalidated)
npm http fetch GET 200 https://registry.yarnpkg.com/event-stream 47ms (cache revalidated)
npm http fetch GET 200 https://registry.yarnpkg.com/rimraf 73ms (cache revalidated)
npm http fetch GET 200 https://registry.yarnpkg.com/has-flag 39ms (cache revalidated)
npm http fetch GET 200 https://registry.yarnpkg.com/color-convert 42ms (cache revalidated)
npm http fetch GET 200 https://registry.yarnpkg.com/color-name 38ms (cache revalidated)
npm http fetch GET 200 https://registry.yarnpkg.com/strip-ansi 51ms (cache revalidated)
npm http fetch GET 200 https://registry.yarnpkg.com/emoji-regex 56ms (cache revalidated)
npm http fetch GET 200 https://registry.yarnpkg.com/is-fullwidth-code-point 67ms (cache revalidated)
npm http fetch GET 200 https://registry.yarnpkg.com/cross-spawn 166ms (cache revalidated)
npm http fetch GET 200 https://registry.yarnpkg.com/lodash.once 174ms (cache revalidated)
npm http fetch GET 200 https://registry.yarnpkg.com/is-stream 167ms (cache revalidated)
npm http fetch GET 200 https://registry.yarnpkg.com/restore-cursor 170ms (cache revalidated)
npm http fetch GET 200 https://registry.yarnpkg.com/ieee754 173ms (cache revalidated)
npm http fetch GET 200 https://registry.yarnpkg.com/human-signals 175ms (cache revalidated)
npm http fetch GET 200 https://registry.yarnpkg.com/is-path-inside 168ms (cache revalidated)
npm http fetch GET 200 https://registry.yarnpkg.com/get-stream 173ms (cache revalidated)
npm http fetch GET 200 https://registry.yarnpkg.com/merge-stream 177ms (cache revalidated)
npm http fetch GET 200 https://registry.yarnpkg.com/get-stream 179ms (cache revalidated)
npm http fetch GET 200 https://registry.yarnpkg.com/onetime 177ms (cache revalidated)
npm http fetch GET 200 https://registry.yarnpkg.com/base64-js 184ms (cache revalidated)
npm http fetch GET 200 https://registry.yarnpkg.com/strip-final-newline 181ms (cache revalidated)
npm http fetch GET 200 https://registry.yarnpkg.com/global-dirs 181ms (cache revalidated)
npm http fetch GET 200 https://registry.yarnpkg.com/rxjs 180ms (cache revalidated)
npm http fetch GET 200 https://registry.yarnpkg.com/p-map 196ms (cache revalidated)
npm http fetch GET 200 https://registry.yarnpkg.com/signal-exit 206ms (cache revalidated)
npm http fetch GET 200 https://registry.yarnpkg.com/cli-truncate 200ms (cache revalidated)
npm http fetch GET 200 https://registry.yarnpkg.com/rfdc 198ms (cache revalidated)
npm http fetch GET 200 https://registry.yarnpkg.com/ci-info 203ms (cache revalidated)
npm http fetch GET 200 https://registry.yarnpkg.com/log-update 201ms (cache revalidated)
npm http fetch GET 200 https://registry.yarnpkg.com/wrap-ansi 199ms (cache revalidated)
npm http fetch GET 200 https://registry.yarnpkg.com/through 201ms (cache revalidated)
npm http fetch GET 200 https://registry.yarnpkg.com/colorette 204ms (cache revalidated)
npm http fetch GET 200 https://registry.yarnpkg.com/is-unicode-supported 203ms (cache revalidated)
npm http fetch GET 200 https://registry.yarnpkg.com/@types%2fyauzl 213ms (cache revalidated)
npm http fetch GET 200 https://registry.yarnpkg.com/fd-slicer 204ms (cache revalidated)
npm http fetch GET 200 https://registry.yarnpkg.com/at-least-node 219ms (cache revalidated)
npm http fetch GET 200 https://registry.yarnpkg.com/lru-cache 211ms (cache revalidated)
npm http fetch GET 200 https://registry.yarnpkg.com/npm-run-path 227ms (cache revalidated)
npm http fetch GET 200 https://registry.yarnpkg.com/throttleit 240ms (cache revalidated)
npm http fetch GET 200 https://registry.yarnpkg.com/@colors%2fcolors 289ms (cache revalidated)
npm http fetch GET 200 https://registry.yarnpkg.com/delayed-stream 72ms (cache revalidated)
npm http fetch GET 200 https://registry.yarnpkg.com/side-channel 64ms (cache revalidated)
npm http fetch GET 200 https://registry.yarnpkg.com/asynckit 72ms (cache revalidated)
npm http fetch GET 200 https://registry.yarnpkg.com/sshpk 74ms (cache revalidated)
npm http fetch GET 200 https://registry.yarnpkg.com/mime-db 74ms (cache revalidated)
npm http fetch GET 200 https://registry.yarnpkg.com/assert-plus 83ms (cache revalidated)
npm http fetch GET 200 https://registry.yarnpkg.com/punycode 76ms (cache revalidated)
npm http fetch GET 200 https://registry.yarnpkg.com/jsprim 84ms (cache revalidated)
npm http fetch GET 200 https://registry.yarnpkg.com/url-parse 75ms (cache revalidated)
npm http fetch GET 200 https://registry.yarnpkg.com/psl 85ms (cache revalidated)
npm http fetch GET 200 https://registry.yarnpkg.com/file-type 66ms (cache revalidated)
npm http fetch GET 200 https://registry.yarnpkg.com/is-natural-number 65ms (cache revalidated)
npm http fetch GET 200 https://registry.yarnpkg.com/file-type 73ms (cache revalidated)
npm http fetch GET 200 https://registry.yarnpkg.com/file-type 73ms (cache revalidated)
npm http fetch GET 200 https://registry.yarnpkg.com/unbzip2-stream 98ms (cache revalidated)
npm http fetch GET 200 https://registry.yarnpkg.com/seek-bzip 118ms (cache revalidated)
npm http fetch GET 200 https://registry.yarnpkg.com/buffer-alloc 44ms (cache revalidated)
npm http fetch GET 200 https://registry.yarnpkg.com/xtend 43ms (cache revalidated)
npm http fetch GET 200 https://registry.yarnpkg.com/to-buffer 44ms (cache revalidated)
npm http fetch GET 200 https://registry.yarnpkg.com/object-assign 41ms (cache revalidated)
npm http fetch GET 200 https://registry.yarnpkg.com/pinkie-promise 41ms (cache revalidated)
npm http fetch GET 200 https://registry.yarnpkg.com/ansi-regex 47ms (cache revalidated)
npm http fetch GET 200 https://registry.yarnpkg.com/pump 85ms (cache revalidated)
npm http fetch GET 200 https://registry.yarnpkg.com/shebang-command 87ms (cache revalidated)
npm http fetch GET 200 https://registry.yarnpkg.com/mimic-fn 86ms (cache revalidated)
npm http fetch GET 200 https://registry.yarnpkg.com/path-key 91ms (cache revalidated)
npm http fetch GET 200 https://registry.yarnpkg.com/path-key 89ms (cache revalidated)
npm http fetch GET 200 https://registry.yarnpkg.com/which 102ms (cache revalidated)
npm http fetch GET 200 https://registry.yarnpkg.com/isexe 49ms (cache revalidated)
npm http fetch GET 200 https://registry.yarnpkg.com/shebang-regex 51ms (cache revalidated)
npm http fetch GET 200 https://registry.yarnpkg.com/undici-types 43ms (cache revalidated)
npm http fetch GET 200 https://registry.yarnpkg.com/pinkie 48ms (cache revalidated)
npm http fetch GET 200 https://registry.yarnpkg.com/brace-expansion 43ms (cache revalidated)
npm http fetch GET 200 https://registry.yarnpkg.com/wrappy 45ms (cache revalidated)
npm http fetch GET 200 https://registry.yarnpkg.com/json-schema 71ms (cache revalidated)
npm http fetch GET 200 https://registry.yarnpkg.com/dashdash 74ms (cache revalidated)
npm http fetch GET 200 https://registry.yarnpkg.com/safer-buffer 73ms (cache revalidated)
npm http fetch GET 200 https://registry.yarnpkg.com/jsbn 91ms (cache revalidated)
npm http fetch GET 200 https://registry.yarnpkg.com/bcrypt-pbkdf 90ms (cache revalidated)
npm http fetch GET 200 https://registry.yarnpkg.com/extsprintf 98ms (cache revalidated)
npm http fetch GET 200 https://registry.yarnpkg.com/ecc-jsbn 92ms (cache revalidated)
npm http fetch GET 200 https://registry.yarnpkg.com/verror 98ms (cache revalidated)
npm http fetch GET 200 https://registry.yarnpkg.com/asn1 98ms (cache revalidated)
npm http fetch GET 200 https://registry.yarnpkg.com/tweetnacl 95ms (cache revalidated)
npm http fetch GET 200 https://registry.yarnpkg.com/getpass 127ms (cache revalidated)
npm http fetch GET 200 https://registry.yarnpkg.com/ansi-escapes 60ms (cache revalidated)
npm http fetch GET 200 https://registry.yarnpkg.com/tslib 76ms (cache revalidated)
npm http fetch GET 200 https://registry.yarnpkg.com/aggregate-error 110ms (cache revalidated)
npm http fetch GET 200 https://registry.yarnpkg.com/astral-regex 46ms (cache revalidated)
npm http fetch GET 200 https://registry.yarnpkg.com/type-fest 44ms (cache revalidated)
npm http fetch GET 200 https://registry.yarnpkg.com/balanced-match 34ms (cache revalidated)
npm http fetch GET 200 https://registry.yarnpkg.com/concat-map 41ms (cache revalidated)
npm http fetch GET 200 https://registry.yarnpkg.com/is-binary-path 96ms (cache revalidated)
npm http fetch GET 200 https://registry.yarnpkg.com/glob-parent 100ms (cache revalidated)
npm http fetch GET 200 https://registry.yarnpkg.com/path-exists 100ms (cache revalidated)
npm http fetch GET 200 https://registry.yarnpkg.com/braces 104ms (cache revalidated)
npm http fetch GET 200 https://registry.yarnpkg.com/flat 101ms (cache revalidated)
npm http fetch GET 200 https://registry.yarnpkg.com/readdirp 107ms (cache revalidated)
npm http fetch GET 200 https://registry.yarnpkg.com/camelcase 103ms (cache revalidated)
npm http fetch GET 200 https://registry.yarnpkg.com/argparse 109ms (cache revalidated)
npm http fetch GET 200 https://registry.yarnpkg.com/escalade 108ms (cache revalidated)
npm http fetch GET 200 https://registry.yarnpkg.com/randombytes 109ms (cache revalidated)
npm http fetch GET 200 https://registry.yarnpkg.com/is-plain-obj 108ms (cache revalidated)
npm http fetch GET 200 https://registry.yarnpkg.com/anymatch 120ms (cache revalidated)
npm http fetch GET 200 https://registry.yarnpkg.com/locate-path 115ms (cache revalidated)
npm http fetch GET 200 https://registry.yarnpkg.com/fsevents 149ms (cache revalidated)
npm http fetch GET 200 https://registry.yarnpkg.com/is-glob 158ms (cache revalidated)
npm http fetch GET 200 https://registry.yarnpkg.com/binary-extensions 100ms (cache revalidated)
npm http fetch GET 200 https://registry.yarnpkg.com/picomatch 102ms (cache revalidated)
npm http fetch GET 200 https://registry.yarnpkg.com/fill-range 102ms (cache revalidated)
npm http fetch GET 200 https://registry.yarnpkg.com/is-extglob 107ms (cache revalidated)
npm http fetch GET 200 https://registry.yarnpkg.com/picomatch 107ms (cache revalidated)
npm http fetch GET 200 https://registry.yarnpkg.com/to-regex-range 40ms (cache revalidated)
npm http fetch GET 200 https://registry.yarnpkg.com/is-number 34ms (cache revalidated)
npm http fetch GET 200 https://registry.yarnpkg.com/p-locate 36ms (cache revalidated)
npm http fetch GET 200 https://registry.yarnpkg.com/p-limit 44ms (cache revalidated)
npm http fetch GET 200 https://registry.yarnpkg.com/easy-stack 57ms (cache revalidated)
npm http fetch GET 200 https://registry.yarnpkg.com/yocto-queue 36ms (cache revalidated)
npm http fetch GET 200 https://registry.yarnpkg.com/clean-stack 51ms (cache revalidated)
npm http fetch GET 200 https://registry.yarnpkg.com/indent-string 54ms (cache revalidated)
npm http fetch GET 200 https://registry.yarnpkg.com/duplexer 63ms (cache revalidated)
npm http fetch GET 200 https://registry.yarnpkg.com/split 64ms (cache revalidated)
npm http fetch GET 200 https://registry.yarnpkg.com/from 68ms (cache revalidated)
npm http fetch GET 200 https://registry.yarnpkg.com/stream-combiner 68ms (cache revalidated)
npm http fetch GET 200 https://registry.yarnpkg.com/pause-stream 70ms (cache revalidated)
npm http fetch GET 200 https://registry.yarnpkg.com/map-stream 72ms (cache revalidated)
npm http fetch GET 200 https://registry.yarnpkg.com/es-errors 49ms (cache revalidated)
npm http fetch GET 200 https://registry.yarnpkg.com/call-bind 55ms (cache revalidated)
npm http fetch GET 200 https://registry.yarnpkg.com/get-intrinsic 55ms (cache revalidated)
npm http fetch GET 200 https://registry.yarnpkg.com/object-inspect 56ms (cache revalidated)
npm http fetch GET 200 https://registry.yarnpkg.com/har-schema 42ms (cache revalidated)
npm http fetch GET 200 https://registry.yarnpkg.com/fast-json-stable-stringify 54ms (cache revalidated)
npm http fetch GET 200 https://registry.yarnpkg.com/uri-js 56ms (cache revalidated)
npm http fetch GET 200 https://registry.yarnpkg.com/json-schema-traverse 64ms (cache revalidated)
npm http fetch GET 200 https://registry.yarnpkg.com/fast-deep-equal 70ms (cache revalidated)
npm http fetch GET 200 https://registry.yarnpkg.com/yallist 36ms (cache revalidated)
npm http fetch GET 200 https://registry.yarnpkg.com/set-function-length 51ms (cache revalidated)
npm http fetch GET 200 https://registry.yarnpkg.com/has-proto 59ms (cache revalidated)
npm http fetch GET 200 https://registry.yarnpkg.com/has-symbols 61ms (cache revalidated)
npm http fetch GET 200 https://registry.yarnpkg.com/function-bind 68ms (cache revalidated)
npm http fetch GET 200 https://registry.yarnpkg.com/hasown 71ms (cache revalidated)
npm http fetch GET 200 https://registry.yarnpkg.com/has-property-descriptors 42ms (cache revalidated)
npm http fetch GET 200 https://registry.yarnpkg.com/gopd 44ms (cache revalidated)
npm http fetch GET 200 https://registry.yarnpkg.com/define-data-property 45ms (cache revalidated)
npm http fetch GET 200 https://registry.yarnpkg.com/querystringify 36ms (cache revalidated)
npm http fetch GET 200 https://registry.yarnpkg.com/requires-port 55ms (cache revalidated)
npm http fetch GET 200 https://registry.yarnpkg.com/dot-prop 68ms (cache revalidated)
npm http fetch GET 200 https://registry.yarnpkg.com/unique-string 73ms (cache revalidated)
npm http fetch GET 200 https://registry.yarnpkg.com/cli-boxes 81ms (cache revalidated)
npm http fetch GET 200 https://registry.yarnpkg.com/package-json 78ms (cache revalidated)
npm http fetch GET 200 https://registry.yarnpkg.com/escape-goat 80ms (cache revalidated)
npm http fetch GET 200 https://registry.yarnpkg.com/ansi-align 86ms (cache revalidated)
npm http fetch GET 200 https://registry.yarnpkg.com/write-file-atomic 103ms (cache revalidated)
npm http fetch GET 200 https://registry.yarnpkg.com/widest-line 111ms (cache revalidated)
npm http fetch GET 200 https://registry.yarnpkg.com/imurmurhash 45ms (cache revalidated)
npm http fetch GET 200 https://registry.yarnpkg.com/is-obj 47ms (cache revalidated)
npm http fetch GET 200 https://registry.yarnpkg.com/typedarray-to-buffer 48ms (cache revalidated)
npm http fetch GET 200 https://registry.yarnpkg.com/crypto-random-string 78ms (cache revalidated)
npm http fetch GET 200 https://registry.yarnpkg.com/got 56ms (cache revalidated)
npm http fetch GET 200 https://registry.yarnpkg.com/registry-auth-token 60ms (cache revalidated)
npm http fetch GET 200 https://registry.yarnpkg.com/registry-url 60ms (cache revalidated)
npm http fetch GET 200 https://registry.yarnpkg.com/decompress-response 83ms (cache revalidated)
npm http fetch GET 200 https://registry.yarnpkg.com/duplexer3 94ms (cache revalidated)
npm http fetch GET 200 https://registry.yarnpkg.com/mimic-response 93ms (cache revalidated)
npm http fetch GET 200 https://registry.yarnpkg.com/url-parse-lax 100ms (cache revalidated)
npm http fetch GET 200 https://registry.yarnpkg.com/p-cancelable 102ms (cache revalidated)
npm http fetch GET 200 https://registry.yarnpkg.com/to-readable-stream 102ms (cache revalidated)
npm http fetch GET 200 https://registry.yarnpkg.com/rc 102ms (cache revalidated)
npm http fetch GET 200 https://registry.yarnpkg.com/rc 106ms (cache revalidated)
npm http fetch GET 200 https://registry.yarnpkg.com/@szmarczak%2fhttp-timer 114ms (cache revalidated)
npm http fetch GET 200 https://registry.yarnpkg.com/@sindresorhus%2fis 118ms (cache revalidated)
npm http fetch GET 200 https://registry.yarnpkg.com/cacheable-request 119ms (cache revalidated)
npm http fetch GET 200 https://registry.yarnpkg.com/lowercase-keys 135ms (cache revalidated)
npm http fetch GET 200 https://registry.yarnpkg.com/http-cache-semantics 68ms (cache revalidated)
npm http fetch GET 200 https://registry.yarnpkg.com/keyv 68ms (cache revalidated)
npm http fetch GET 200 https://registry.yarnpkg.com/prepend-http 67ms (cache revalidated)
npm http fetch GET 200 https://registry.yarnpkg.com/clone-response 74ms (cache revalidated)
npm http fetch GET 200 https://registry.yarnpkg.com/responselike 75ms (cache revalidated)
npm http fetch GET 200 https://registry.yarnpkg.com/normalize-url 77ms (cache revalidated)
npm http fetch GET 200 https://registry.yarnpkg.com/defer-to-connect 117ms (cache revalidated)
npm http fetch GET 200 https://registry.yarnpkg.com/json-buffer 39ms (cache revalidated)
npm http fetch GET 200 https://registry.yarnpkg.com/deep-extend 52ms (cache revalidated)
npm http fetch GET 200 https://registry.yarnpkg.com/pend 74ms (cache revalidated)
npm http fetch GET 200 https://registry.yarnpkg.com/crc32-stream 40ms (cache revalidated)
npm http fetch GET 200 https://registry.yarnpkg.com/crc-32 68ms (cache revalidated)
npm http fetch GET 200 https://registry.yarnpkg.com/buffer-alloc-unsafe 36ms (cache revalidated)
npm http fetch GET 200 https://registry.yarnpkg.com/buffer-fill 49ms (cache revalidated)
npm http fetch GET 200 https://registry.yarnpkg.com/p-try 33ms (cache revalidated)
npm verb reify failed optional dependency C:\Users\Vinit.kumar\source\new\nx-browser-stack-cypress\tmpBstackPackages\node_modules\fsevents
npm http fetch POST 200 https://registry.yarnpkg.com/-/npm/v1/security/advisories/bulk 425ms
npm WARN deprecated har-validator@5.1.5: this library is no longer supported
npm WARN deprecated uuid@3.4.0: Please upgrade  to version 7 or higher.  Older versions may use Math.random() in certain circumstances, which is known to be problematic.  See https://v8.dev/blog/math-random for details.
npm WARN deprecated request@2.88.2: request has been deprecated, see https://github.com/request/request/issues/3142
npm info run cypress@13.6.4 postinstall node_modules/cypress node index.js --exec install
npm info run cypress@13.6.4 postinstall { code: 0, signal: null }

added 451 packages, and audited 452 packages in 29s

66 packages are looking for funding
  run `npm fund` for details

7 moderate severity vulnerabilities

To address all issues (including breaking changes), run:
  npm audit fix --force

Run `npm audit` for details.
npm verb exit 0
npm info ok 
